#
# There is insufficient memory for the Java Runtime Environment to continue.
# Native memory allocation (malloc) failed to allocate 1109616 bytes for Chunk::new
# Possible reasons:
#   The system is out of physical RAM or swap space
#   The process is running with CompressedOops enabled, and the Java Heap may be blocking the growth of the native heap
# Possible solutions:
#   Reduce memory load on the system
#   Increase physical memory or swap space
#   Check if swap backing store is full
#   Decrease Java heap size (-Xmx/-Xms)
#   Decrease number of Java threads
#   Decrease Java thread stack sizes (-Xss)
#   Set larger code cache with -XX:ReservedCodeCacheSize=
#   JVM is running with Unscaled Compressed Oops mode in which the Java heap is
#     placed in the first 4GB address space. The Java Heap base address is the
#     maximum limit for the native heap growth. Please use -XX:HeapBaseMinAddress
#     to set the Java Heap base and to place the Java Heap above 4GB virtual address.
# This output file may be truncated or incomplete.
#
#  Out of Memory Error (arena.cpp:189), pid=19004, tid=9372
#
# JRE version: OpenJDK Runtime Environment Microsoft-8035246 (17.0.8+7) (build 17.0.8+7-LTS)
# Java VM: OpenJDK 64-Bit Server VM Microsoft-8035246 (17.0.8+7-LTS, mixed mode, sharing, tiered, compressed oops, compressed class ptrs, g1 gc, windows-amd64)
# No core dump will be written. Minidumps are not enabled by default on client versions of Windows
#

---------------  S U M M A R Y ------------

Command Line: -Xmx64m -Xms64m -Dorg.gradle.appname=gradlew org.gradle.wrapper.GradleWrapperMain app:installDebug -PreactNativeDevServerPort=8081

Host: AMD Ryzen 5 4500U with Radeon Graphics         , 6 cores, 7G,  Windows 11 , 64 bit Build 22621 (10.0.22621.3672)
Time: Sat Jul 20 11:18:55 2024 SE Asia Standard Time elapsed time: 169.721030 seconds (0d 0h 2m 49s)

---------------  T H R E A D  ---------------

Current thread (0x000001643b54b370):  JavaThread "C2 CompilerThread0" daemon [_thread_in_native, id=9372, stack(0x0000004c0c800000,0x0000004c0c900000)]


Current CompileTask:
C2: 169721 1889       4       org.gradle.internal.logging.text.AbstractLineChoppingStyledTextOutput$1::execute (140 bytes)

Stack: [0x0000004c0c800000,0x0000004c0c900000]
Native frames: (J=compiled Java code, j=interpreted, Vv=VM code, C=native code)
V  [jvm.dll+0x67bf3a]
V  [jvm.dll+0x83a024]
V  [jvm.dll+0x83b7ce]
V  [jvm.dll+0x83be33]
V  [jvm.dll+0x24785f]
V  [jvm.dll+0xac3bc]
V  [jvm.dll+0xac98c]
V  [jvm.dll+0x3680b2]
V  [jvm.dll+0x332451]
V  [jvm.dll+0x3318fa]
V  [jvm.dll+0x21a131]
V  [jvm.dll+0x219551]
V  [jvm.dll+0x1a56b6]
V  [jvm.dll+0x2291ea]
V  [jvm.dll+0x22724c]
V  [jvm.dll+0x7efd0c]
V  [jvm.dll+0x7ea13a]
V  [jvm.dll+0x67ad85]
C  [ucrtbase.dll+0x29333]
C  [KERNEL32.DLL+0x1257d]
C  [ntdll.dll+0x5af28]


---------------  P R O C E S S  ---------------

Threads class SMR info:
_java_thread_list=0x000001647d7eceb0, length=15, elements={
0x0000016421fc2640, 0x00000164220610e0, 0x0000016422061f60, 0x000001643b546930,
0x000001643b549300, 0x000001643b549cc0, 0x000001643b54a680, 0x000001643b54b370,
0x000001643b54be20, 0x000001643b54e830, 0x000001643b78b890, 0x000001643b792420,
0x000001647d66fb00, 0x000001643b59b830, 0x000001647d970ff0
}

Java Threads: ( => current thread )
  0x0000016421fc2640 JavaThread "main" [_thread_in_native, id=19800, stack(0x0000004c0bb00000,0x0000004c0bc00000)]
  0x00000164220610e0 JavaThread "Reference Handler" daemon [_thread_blocked, id=7648, stack(0x0000004c0c200000,0x0000004c0c300000)]
  0x0000016422061f60 JavaThread "Finalizer" daemon [_thread_blocked, id=14436, stack(0x0000004c0c300000,0x0000004c0c400000)]
  0x000001643b546930 JavaThread "Signal Dispatcher" daemon [_thread_blocked, id=17932, stack(0x0000004c0c400000,0x0000004c0c500000)]
  0x000001643b549300 JavaThread "Attach Listener" daemon [_thread_blocked, id=18464, stack(0x0000004c0c500000,0x0000004c0c600000)]
  0x000001643b549cc0 JavaThread "Service Thread" daemon [_thread_blocked, id=21956, stack(0x0000004c0c600000,0x0000004c0c700000)]
  0x000001643b54a680 JavaThread "Monitor Deflation Thread" daemon [_thread_blocked, id=21912, stack(0x0000004c0c700000,0x0000004c0c800000)]
=>0x000001643b54b370 JavaThread "C2 CompilerThread0" daemon [_thread_in_native, id=9372, stack(0x0000004c0c800000,0x0000004c0c900000)]
  0x000001643b54be20 JavaThread "C1 CompilerThread0" daemon [_thread_blocked, id=3436, stack(0x0000004c0c900000,0x0000004c0ca00000)]
  0x000001643b54e830 JavaThread "Sweeper thread" daemon [_thread_blocked, id=24388, stack(0x0000004c0ca00000,0x0000004c0cb00000)]
  0x000001643b78b890 JavaThread "Notification Thread" daemon [_thread_blocked, id=9744, stack(0x0000004c0cb00000,0x0000004c0cc00000)]
  0x000001643b792420 JavaThread "Common-Cleaner" daemon [_thread_blocked, id=17468, stack(0x0000004c0cd00000,0x0000004c0ce00000)]
  0x000001647d66fb00 JavaThread "pool-1-thread-1" [_thread_blocked, id=11436, stack(0x0000004c0d200000,0x0000004c0d300000)]
  0x000001643b59b830 JavaThread "DisconnectableInputStream source reader" daemon [_thread_in_native, id=18092, stack(0x0000004c0d500000,0x0000004c0d600000)]
  0x000001647d970ff0 JavaThread "Forward input" [_thread_blocked, id=1392, stack(0x0000004c0d600000,0x0000004c0d700000)]

Other Threads:
  0x000001642205d4d0 VMThread "VM Thread" [stack: 0x0000004c0c100000,0x0000004c0c200000] [id=15632]
  0x000001643b78e180 WatcherThread [stack: 0x0000004c0cc00000,0x0000004c0cd00000] [id=12532]
  0x0000016421fe3230 GCTaskThread "GC Thread#0" [stack: 0x0000004c0bc00000,0x0000004c0bd00000] [id=22180]
  0x000001647d22a080 GCTaskThread "GC Thread#1" [stack: 0x0000004c0ce00000,0x0000004c0cf00000] [id=23988]
  0x000001647d21c790 GCTaskThread "GC Thread#2" [stack: 0x0000004c0cf00000,0x0000004c0d000000] [id=10128]
  0x000001647d67da00 GCTaskThread "GC Thread#3" [stack: 0x0000004c0d000000,0x0000004c0d100000] [id=18280]
  0x000001647d7018b0 GCTaskThread "GC Thread#4" [stack: 0x0000004c0d100000,0x0000004c0d200000] [id=19204]
  0x000001647db4bb90 GCTaskThread "GC Thread#5" [stack: 0x0000004c0d300000,0x0000004c0d400000] [id=22636]
  0x0000016421fe4980 ConcurrentGCThread "G1 Main Marker" [stack: 0x0000004c0bd00000,0x0000004c0be00000] [id=8832]
  0x0000016421fe5b30 ConcurrentGCThread "G1 Conc#0" [stack: 0x0000004c0be00000,0x0000004c0bf00000] [id=21736]
  0x000001642203e320 ConcurrentGCThread "G1 Refine#0" [stack: 0x0000004c0bf00000,0x0000004c0c000000] [id=16288]
  0x000001642203ed50 ConcurrentGCThread "G1 Service" [stack: 0x0000004c0c000000,0x0000004c0c100000] [id=17848]

Threads with active compile tasks:
C2 CompilerThread0   169993 1889       4       org.gradle.internal.logging.text.AbstractLineChoppingStyledTextOutput$1::execute (140 bytes)

VM state: not at safepoint (normal execution)

VM Mutex/Monitor currently owned by a thread: None

Heap address: 0x00000000fc000000, size: 64 MB, Compressed Oops mode: 32-bit

CDS archive(s) mapped at: [0x000001643c000000-0x000001643cbd0000-0x000001643cbd0000), size 12386304, SharedBaseAddress: 0x000001643c000000, ArchiveRelocationMode: 1.
Compressed class space mapped at: 0x000001643d000000-0x000001647d000000, reserved size: 1073741824
Narrow klass base: 0x000001643c000000, Narrow klass shift: 0, Narrow klass range: 0x100000000

GC Precious Log:
 CPUs: 6 total, 6 available
 Memory: 7541M
 Large Page Support: Disabled
 NUMA Support: Disabled
 Compressed Oops: Enabled (32-bit)
 Heap Region Size: 1M
 Heap Min Capacity: 64M
 Heap Initial Capacity: 64M
 Heap Max Capacity: 64M
 Pre-touch: Disabled
 Parallel Workers: 6
 Concurrent Workers: 2
 Concurrent Refinement Workers: 6
 Periodic GC: Disabled

Heap:
 garbage-first heap   total 65536K, used 18293K [0x00000000fc000000, 0x0000000100000000)
  region size 1024K, 9 young (9216K), 3 survivors (3072K)
 Metaspace       used 9964K, committed 10176K, reserved 1114112K
  class space    used 1275K, committed 1344K, reserved 1048576K

Heap Regions: E=young(eden), S=young(survivor), O=old, HS=humongous(starts), HC=humongous(continues), CS=collection set, F=free, OA=open archive, CA=closed archive, TAMS=top-at-mark-start (previous, next)
|   0|0x00000000fc000000, 0x00000000fc100000, 0x00000000fc100000|100%|HS|  |TAMS 0x00000000fc000000, 0x00000000fc000000| Complete 
|   1|0x00000000fc100000, 0x00000000fc200000, 0x00000000fc200000|100%|HC|  |TAMS 0x00000000fc100000, 0x00000000fc100000| Complete 
|   2|0x00000000fc200000, 0x00000000fc300000, 0x00000000fc300000|100%|HC|  |TAMS 0x00000000fc200000, 0x00000000fc200000| Complete 
|   3|0x00000000fc300000, 0x00000000fc400000, 0x00000000fc400000|100%|HC|  |TAMS 0x00000000fc300000, 0x00000000fc300000| Complete 
|   4|0x00000000fc400000, 0x00000000fc500000, 0x00000000fc500000|100%| O|  |TAMS 0x00000000fc400000, 0x00000000fc400000| Untracked 
|   5|0x00000000fc500000, 0x00000000fc600000, 0x00000000fc600000|100%| O|  |TAMS 0x00000000fc500000, 0x00000000fc500000| Untracked 
|   6|0x00000000fc600000, 0x00000000fc700000, 0x00000000fc700000|100%| O|  |TAMS 0x00000000fc600000, 0x00000000fc600000| Untracked 
|   7|0x00000000fc700000, 0x00000000fc800000, 0x00000000fc800000|100%| O|  |TAMS 0x00000000fc700000, 0x00000000fc700000| Untracked 
|   8|0x00000000fc800000, 0x00000000fc900000, 0x00000000fc900000|100%| O|  |TAMS 0x00000000fc800000, 0x00000000fc800000| Untracked 
|   9|0x00000000fc900000, 0x00000000fca00000, 0x00000000fca00000|100%| O|  |TAMS 0x00000000fc900000, 0x00000000fc900000| Untracked 
|  10|0x00000000fca00000, 0x00000000fca9c600, 0x00000000fcb00000| 61%| O|  |TAMS 0x00000000fca00000, 0x00000000fca00000| Untracked 
|  11|0x00000000fcb00000, 0x00000000fcb00000, 0x00000000fcc00000|  0%| F|  |TAMS 0x00000000fcb00000, 0x00000000fcb00000| Untracked 
|  12|0x00000000fcc00000, 0x00000000fcc00000, 0x00000000fcd00000|  0%| F|  |TAMS 0x00000000fcc00000, 0x00000000fcc00000| Untracked 
|  13|0x00000000fcd00000, 0x00000000fcd00000, 0x00000000fce00000|  0%| F|  |TAMS 0x00000000fcd00000, 0x00000000fcd00000| Untracked 
|  14|0x00000000fce00000, 0x00000000fce00000, 0x00000000fcf00000|  0%| F|  |TAMS 0x00000000fce00000, 0x00000000fce00000| Untracked 
|  15|0x00000000fcf00000, 0x00000000fcf00000, 0x00000000fd000000|  0%| F|  |TAMS 0x00000000fcf00000, 0x00000000fcf00000| Untracked 
|  16|0x00000000fd000000, 0x00000000fd000000, 0x00000000fd100000|  0%| F|  |TAMS 0x00000000fd000000, 0x00000000fd000000| Untracked 
|  17|0x00000000fd100000, 0x00000000fd100000, 0x00000000fd200000|  0%| F|  |TAMS 0x00000000fd100000, 0x00000000fd100000| Untracked 
|  18|0x00000000fd200000, 0x00000000fd200000, 0x00000000fd300000|  0%| F|  |TAMS 0x00000000fd200000, 0x00000000fd200000| Untracked 
|  19|0x00000000fd300000, 0x00000000fd300000, 0x00000000fd400000|  0%| F|  |TAMS 0x00000000fd300000, 0x00000000fd300000| Untracked 
|  20|0x00000000fd400000, 0x00000000fd400000, 0x00000000fd500000|  0%| F|  |TAMS 0x00000000fd400000, 0x00000000fd400000| Untracked 
|  21|0x00000000fd500000, 0x00000000fd500000, 0x00000000fd600000|  0%| F|  |TAMS 0x00000000fd500000, 0x00000000fd500000| Untracked 
|  22|0x00000000fd600000, 0x00000000fd600000, 0x00000000fd700000|  0%| F|  |TAMS 0x00000000fd600000, 0x00000000fd600000| Untracked 
|  23|0x00000000fd700000, 0x00000000fd700000, 0x00000000fd800000|  0%| F|  |TAMS 0x00000000fd700000, 0x00000000fd700000| Untracked 
|  24|0x00000000fd800000, 0x00000000fd800000, 0x00000000fd900000|  0%| F|  |TAMS 0x00000000fd800000, 0x00000000fd800000| Untracked 
|  25|0x00000000fd900000, 0x00000000fd900000, 0x00000000fda00000|  0%| F|  |TAMS 0x00000000fd900000, 0x00000000fd900000| Untracked 
|  26|0x00000000fda00000, 0x00000000fda00000, 0x00000000fdb00000|  0%| F|  |TAMS 0x00000000fda00000, 0x00000000fda00000| Untracked 
|  27|0x00000000fdb00000, 0x00000000fdb00000, 0x00000000fdc00000|  0%| F|  |TAMS 0x00000000fdb00000, 0x00000000fdb00000| Untracked 
|  28|0x00000000fdc00000, 0x00000000fdc00000, 0x00000000fdd00000|  0%| F|  |TAMS 0x00000000fdc00000, 0x00000000fdc00000| Untracked 
|  29|0x00000000fdd00000, 0x00000000fdd00000, 0x00000000fde00000|  0%| F|  |TAMS 0x00000000fdd00000, 0x00000000fdd00000| Untracked 
|  30|0x00000000fde00000, 0x00000000fde00000, 0x00000000fdf00000|  0%| F|  |TAMS 0x00000000fde00000, 0x00000000fde00000| Untracked 
|  31|0x00000000fdf00000, 0x00000000fdf00000, 0x00000000fe000000|  0%| F|  |TAMS 0x00000000fdf00000, 0x00000000fdf00000| Untracked 
|  32|0x00000000fe000000, 0x00000000fe000000, 0x00000000fe100000|  0%| F|  |TAMS 0x00000000fe000000, 0x00000000fe000000| Untracked 
|  33|0x00000000fe100000, 0x00000000fe100000, 0x00000000fe200000|  0%| F|  |TAMS 0x00000000fe100000, 0x00000000fe100000| Untracked 
|  34|0x00000000fe200000, 0x00000000fe200000, 0x00000000fe300000|  0%| F|  |TAMS 0x00000000fe200000, 0x00000000fe200000| Untracked 
|  35|0x00000000fe300000, 0x00000000fe300000, 0x00000000fe400000|  0%| F|  |TAMS 0x00000000fe300000, 0x00000000fe300000| Untracked 
|  36|0x00000000fe400000, 0x00000000fe400000, 0x00000000fe500000|  0%| F|  |TAMS 0x00000000fe400000, 0x00000000fe400000| Untracked 
|  37|0x00000000fe500000, 0x00000000fe540fb0, 0x00000000fe600000| 25%| S|CS|TAMS 0x00000000fe500000, 0x00000000fe500000| Complete 
|  38|0x00000000fe600000, 0x00000000fe700000, 0x00000000fe700000|100%| S|CS|TAMS 0x00000000fe600000, 0x00000000fe600000| Complete 
|  39|0x00000000fe700000, 0x00000000fe800000, 0x00000000fe800000|100%| S|CS|TAMS 0x00000000fe700000, 0x00000000fe700000| Complete 
|  40|0x00000000fe800000, 0x00000000fe800000, 0x00000000fe900000|  0%| F|  |TAMS 0x00000000fe800000, 0x00000000fe800000| Untracked 
|  41|0x00000000fe900000, 0x00000000fe900000, 0x00000000fea00000|  0%| F|  |TAMS 0x00000000fe900000, 0x00000000fe900000| Untracked 
|  42|0x00000000fea00000, 0x00000000fea00000, 0x00000000feb00000|  0%| F|  |TAMS 0x00000000fea00000, 0x00000000fea00000| Untracked 
|  43|0x00000000feb00000, 0x00000000feb00000, 0x00000000fec00000|  0%| F|  |TAMS 0x00000000feb00000, 0x00000000feb00000| Untracked 
|  44|0x00000000fec00000, 0x00000000fec00000, 0x00000000fed00000|  0%| F|  |TAMS 0x00000000fec00000, 0x00000000fec00000| Untracked 
|  45|0x00000000fed00000, 0x00000000fed00000, 0x00000000fee00000|  0%| F|  |TAMS 0x00000000fed00000, 0x00000000fed00000| Untracked 
|  46|0x00000000fee00000, 0x00000000fee00000, 0x00000000fef00000|  0%| F|  |TAMS 0x00000000fee00000, 0x00000000fee00000| Untracked 
|  47|0x00000000fef00000, 0x00000000fef00000, 0x00000000ff000000|  0%| F|  |TAMS 0x00000000fef00000, 0x00000000fef00000| Untracked 
|  48|0x00000000ff000000, 0x00000000ff000000, 0x00000000ff100000|  0%| F|  |TAMS 0x00000000ff000000, 0x00000000ff000000| Untracked 
|  49|0x00000000ff100000, 0x00000000ff100000, 0x00000000ff200000|  0%| F|  |TAMS 0x00000000ff100000, 0x00000000ff100000| Untracked 
|  50|0x00000000ff200000, 0x00000000ff200000, 0x00000000ff300000|  0%| F|  |TAMS 0x00000000ff200000, 0x00000000ff200000| Untracked 
|  51|0x00000000ff300000, 0x00000000ff300000, 0x00000000ff400000|  0%| F|  |TAMS 0x00000000ff300000, 0x00000000ff300000| Untracked 
|  52|0x00000000ff400000, 0x00000000ff400000, 0x00000000ff500000|  0%| F|  |TAMS 0x00000000ff400000, 0x00000000ff400000| Untracked 
|  53|0x00000000ff500000, 0x00000000ff500000, 0x00000000ff600000|  0%| F|  |TAMS 0x00000000ff500000, 0x00000000ff500000| Untracked 
|  54|0x00000000ff600000, 0x00000000ff600000, 0x00000000ff700000|  0%| F|  |TAMS 0x00000000ff600000, 0x00000000ff600000| Untracked 
|  55|0x00000000ff700000, 0x00000000ff700000, 0x00000000ff800000|  0%| F|  |TAMS 0x00000000ff700000, 0x00000000ff700000| Untracked 
|  56|0x00000000ff800000, 0x00000000ff800000, 0x00000000ff900000|  0%| F|  |TAMS 0x00000000ff800000, 0x00000000ff800000| Untracked 
|  57|0x00000000ff900000, 0x00000000ff900000, 0x00000000ffa00000|  0%| F|  |TAMS 0x00000000ff900000, 0x00000000ff900000| Untracked 
|  58|0x00000000ffa00000, 0x00000000ffa1cac8, 0x00000000ffb00000| 11%| E|  |TAMS 0x00000000ffa00000, 0x00000000ffa00000| Complete 
|  59|0x00000000ffb00000, 0x00000000ffc00000, 0x00000000ffc00000|100%| E|CS|TAMS 0x00000000ffb00000, 0x00000000ffb00000| Complete 
|  60|0x00000000ffc00000, 0x00000000ffd00000, 0x00000000ffd00000|100%| E|CS|TAMS 0x00000000ffc00000, 0x00000000ffc00000| Complete 
|  61|0x00000000ffd00000, 0x00000000ffe00000, 0x00000000ffe00000|100%| E|CS|TAMS 0x00000000ffd00000, 0x00000000ffd00000| Complete 
|  62|0x00000000ffe00000, 0x00000000fff00000, 0x00000000fff00000|100%| E|CS|TAMS 0x00000000ffe00000, 0x00000000ffe00000| Complete 
|  63|0x00000000fff00000, 0x0000000100000000, 0x0000000100000000|100%| E|CS|TAMS 0x00000000fff00000, 0x00000000fff00000| Complete 

Card table byte_map: [0x0000016421ec0000,0x0000016421ee0000] _byte_map_base: 0x00000164216e0000

Marking Bits (Prev, Next): (CMBitMap*) 0x0000016421fe3850, (CMBitMap*) 0x0000016421fe3890
 Prev Bits: [0x0000016438bc0000, 0x0000016438cc0000)
 Next Bits: [0x0000016438cc0000, 0x0000016438dc0000)

Polling page: 0x000001641ff90000

Metaspace:

Usage:
  Non-class:      8.49 MB used.
      Class:      1.25 MB used.
       Both:      9.73 MB used.

Virtual space:
  Non-class space:       64.00 MB reserved,       8.62 MB ( 13%) committed,  1 nodes.
      Class space:        1.00 GB reserved,       1.31 MB ( <1%) committed,  1 nodes.
             Both:        1.06 GB reserved,       9.94 MB ( <1%) committed. 

Chunk freelists:
   Non-Class:  6.79 MB
       Class:  14.58 MB
        Both:  21.37 MB

MaxMetaspaceSize: unlimited
CompressedClassSpaceSize: 1.00 GB
Initial GC threshold: 21.00 MB
Current GC threshold: 21.00 MB
CDS: on
MetaspaceReclaimPolicy: balanced
 - commit_granule_bytes: 65536.
 - commit_granule_words: 8192.
 - virtual_space_node_default_size: 8388608.
 - enlarge_chunks_in_place: 1.
 - new_chunks_are_fully_committed: 0.
 - uncommit_free_chunks: 1.
 - use_allocation_guard: 0.
 - handle_deallocations: 1.


Internal statistics:

num_allocs_failed_limit: 0.
num_arena_births: 90.
num_arena_deaths: 0.
num_vsnodes_births: 2.
num_vsnodes_deaths: 0.
num_space_committed: 159.
num_space_uncommitted: 0.
num_chunks_returned_to_freelist: 0.
num_chunks_taken_from_freelist: 344.
num_chunk_merges: 0.
num_chunk_splits: 233.
num_chunks_enlarged: 187.
num_inconsistent_stats: 0.

CodeHeap 'non-profiled nmethods': size=120000Kb used=703Kb max_used=703Kb free=119296Kb
 bounds [0x0000016431580000, 0x00000164317f0000, 0x0000016438ab0000]
CodeHeap 'profiled nmethods': size=120000Kb used=3806Kb max_used=3806Kb free=116193Kb
 bounds [0x0000016429ab0000, 0x0000016429e70000, 0x0000016430fe0000]
CodeHeap 'non-nmethods': size=5760Kb used=1182Kb max_used=1198Kb free=4577Kb
 bounds [0x0000016430fe0000, 0x0000016431250000, 0x0000016431580000]
 total_blobs=2383 nmethods=1899 adapters=397
 compilation: enabled
              stopped_count=0, restarted_count=0
 full_count=0

Compilation events (20 events):
Event: 169.537 Thread 0x000001643b54be20 1891       3       sun.nio.cs.StreamEncoder::implWrite (137 bytes)
Event: 169.541 Thread 0x000001643b54b370 nmethod 1888 0x000001643162ed10 code [0x000001643162ef20, 0x000001643162f730]
Event: 169.542 Thread 0x000001643b54b370 1889       4       org.gradle.internal.logging.text.AbstractLineChoppingStyledTextOutput$1::execute (140 bytes)
Event: 169.542 Thread 0x000001643b54be20 nmethod 1891 0x0000016429e5d310 code [0x0000016429e5d580, 0x0000016429e5df48]
Event: 169.542 Thread 0x000001643b54be20 1892   !   3       java.nio.charset.CharsetEncoder::encode (273 bytes)
Event: 169.543 Thread 0x000001643b54be20 nmethod 1892 0x0000016429e5e310 code [0x0000016429e5e640, 0x0000016429e5fb98]
Event: 169.543 Thread 0x000001643b54be20 1893       3       sun.nio.cs.SingleByte$Encoder::encodeLoop (28 bytes)
Event: 169.544 Thread 0x000001643b54be20 nmethod 1893 0x0000016429e60290 code [0x0000016429e60460, 0x0000016429e60878]
Event: 169.544 Thread 0x000001643b54be20 1894       3       sun.nio.cs.SingleByte$Encoder::encodeArrayLoop (280 bytes)
Event: 169.546 Thread 0x000001643b54be20 nmethod 1894 0x0000016429e60a10 code [0x0000016429e60f20, 0x0000016429e63748]
Event: 169.546 Thread 0x000001643b54be20 1895       3       java.lang.System$2::encodeASCII (11 bytes)
Event: 169.547 Thread 0x000001643b54be20 nmethod 1895 0x0000016429e64510 code [0x0000016429e646a0, 0x0000016429e647e8]
Event: 169.547 Thread 0x000001643b54be20 1896       3       java.io.OutputStreamWriter::flush (8 bytes)
Event: 169.547 Thread 0x000001643b54be20 nmethod 1896 0x0000016429e64890 code [0x0000016429e64aa0, 0x0000016429e650e8]
Event: 169.547 Thread 0x000001643b54be20 1897   !   3       sun.nio.cs.StreamEncoder::flush (26 bytes)
Event: 169.547 Thread 0x000001643b54be20 nmethod 1897 0x0000016429e65490 code [0x0000016429e65680, 0x0000016429e65c68]
Event: 169.547 Thread 0x000001643b54be20 1898       3       sun.nio.cs.StreamEncoder::implFlush (19 bytes)
Event: 169.548 Thread 0x000001643b54be20 nmethod 1898 0x0000016429e65f90 code [0x0000016429e66160, 0x0000016429e66478]
Event: 169.548 Thread 0x000001643b54be20 1899       3       sun.nio.cs.StreamEncoder::implFlushBuffer (15 bytes)
Event: 169.548 Thread 0x000001643b54be20 nmethod 1899 0x0000016429e66590 code [0x0000016429e66740, 0x0000016429e668e8]

GC Heap History (4 events):
Event: 1.822 GC heap before
{Heap before GC invocations=0 (full 0):
 garbage-first heap   total 65536K, used 24576K [0x00000000fc000000, 0x0000000100000000)
  region size 1024K, 21 young (21504K), 0 survivors (0K)
 Metaspace       used 3215K, committed 3392K, reserved 1114112K
  class space    used 371K, committed 448K, reserved 1048576K
}
Event: 1.829 GC heap after
{Heap after GC invocations=1 (full 0):
 garbage-first heap   total 65536K, used 10648K [0x00000000fc000000, 0x0000000100000000)
  region size 1024K, 3 young (3072K), 3 survivors (3072K)
 Metaspace       used 3215K, committed 3392K, reserved 1114112K
  class space    used 371K, committed 448K, reserved 1048576K
}
Event: 3.116 GC heap before
{Heap before GC invocations=1 (full 0):
 garbage-first heap   total 65536K, used 32152K [0x00000000fc000000, 0x0000000100000000)
  region size 1024K, 24 young (24576K), 3 survivors (3072K)
 Metaspace       used 8184K, committed 8448K, reserved 1114112K
  class space    used 1090K, committed 1216K, reserved 1048576K
}
Event: 3.120 GC heap after
{Heap after GC invocations=2 (full 0):
 garbage-first heap   total 65536K, used 13173K [0x00000000fc000000, 0x0000000100000000)
  region size 1024K, 3 young (3072K), 3 survivors (3072K)
 Metaspace       used 8184K, committed 8448K, reserved 1114112K
  class space    used 1090K, committed 1216K, reserved 1048576K
}

Dll operation events (11 events):
Event: 0.016 Loaded shared library C:\Program Files\Microsoft\jdk-17.0.8.7-hotspot\bin\java.dll
Event: 0.045 Loaded shared library C:\Program Files\Microsoft\jdk-17.0.8.7-hotspot\bin\jsvml.dll
Event: 0.095 Loaded shared library C:\Program Files\Microsoft\jdk-17.0.8.7-hotspot\bin\net.dll
Event: 0.097 Loaded shared library C:\Program Files\Microsoft\jdk-17.0.8.7-hotspot\bin\nio.dll
Event: 0.104 Loaded shared library C:\Program Files\Microsoft\jdk-17.0.8.7-hotspot\bin\zip.dll
Event: 1.366 Loaded shared library C:\Program Files\Microsoft\jdk-17.0.8.7-hotspot\bin\jimage.dll
Event: 1.515 Loaded shared library C:\Program Files\Microsoft\jdk-17.0.8.7-hotspot\bin\verify.dll
Event: 1.986 Loaded shared library C:\Users\muham\.gradle\native\c067742578af261105cb4f569cf0c3c89f3d7b1fecec35dd04571415982c5e48\windows-amd64\native-platform.dll
Event: 2.240 Loaded shared library C:\Program Files\Microsoft\jdk-17.0.8.7-hotspot\bin\management.dll
Event: 2.244 Loaded shared library C:\Program Files\Microsoft\jdk-17.0.8.7-hotspot\bin\management_ext.dll
Event: 7.044 Loaded shared library C:\Program Files\Microsoft\jdk-17.0.8.7-hotspot\bin\sunmscapi.dll

Deoptimization events (20 events):
Event: 7.050 Thread 0x0000016421fc2640 Uncommon trap: trap_request=0xffffff45 fr.pc=0x0000016431604274 relative=0x00000000000001d4
Event: 7.050 Thread 0x0000016421fc2640 Uncommon trap: reason=unstable_if action=reinterpret pc=0x0000016431604274 method=java.util.HashMap.putVal(ILjava/lang/Object;Ljava/lang/Object;ZZ)Ljava/lang/Object; @ 162 c2
Event: 7.050 Thread 0x0000016421fc2640 DEOPT PACKING pc=0x0000016431604274 sp=0x0000004c0bbfa8f0
Event: 7.050 Thread 0x0000016421fc2640 DEOPT UNPACKING pc=0x00000164310369a3 sp=0x0000004c0bbfa880 mode 2
Event: 7.096 Thread 0x0000016421fc2640 Uncommon trap: trap_request=0xffffff45 fr.pc=0x00000164315f62a0 relative=0x0000000000000160
Event: 7.096 Thread 0x0000016421fc2640 Uncommon trap: reason=unstable_if action=reinterpret pc=0x00000164315f62a0 method=java.lang.invoke.VarForm.getMemberName(I)Ljava/lang/invoke/MemberName; @ 8 c2
Event: 7.096 Thread 0x0000016421fc2640 DEOPT PACKING pc=0x00000164315f62a0 sp=0x0000004c0bbfc9b0
Event: 7.096 Thread 0x0000016421fc2640 DEOPT UNPACKING pc=0x00000164310369a3 sp=0x0000004c0bbfc8d0 mode 2
Event: 7.131 Thread 0x0000016421fc2640 Uncommon trap: trap_request=0xffffff45 fr.pc=0x00000164315ce270 relative=0x0000000000000410
Event: 7.131 Thread 0x0000016421fc2640 Uncommon trap: reason=unstable_if action=reinterpret pc=0x00000164315ce270 method=java.util.regex.Matcher.match(II)Z @ 76 c2
Event: 7.131 Thread 0x0000016421fc2640 DEOPT PACKING pc=0x00000164315ce270 sp=0x0000004c0bbfbb90
Event: 7.131 Thread 0x0000016421fc2640 DEOPT UNPACKING pc=0x00000164310369a3 sp=0x0000004c0bbfbb48 mode 2
Event: 169.488 Thread 0x0000016421fc2640 Uncommon trap: trap_request=0xffffff45 fr.pc=0x00000164316298b0 relative=0x0000000000000510
Event: 169.489 Thread 0x0000016421fc2640 Uncommon trap: reason=unstable_if action=reinterpret pc=0x00000164316298b0 method=com.esotericsoftware.kryo.io.Input.readUtf8(I)V @ 79 c2
Event: 169.489 Thread 0x0000016421fc2640 DEOPT PACKING pc=0x00000164316298b0 sp=0x0000004c0bbfc670
Event: 169.489 Thread 0x0000016421fc2640 DEOPT UNPACKING pc=0x00000164310369a3 sp=0x0000004c0bbfc608 mode 2
Event: 169.524 Thread 0x000001647d66fb00 Uncommon trap: trap_request=0xffffff45 fr.pc=0x000001643162cba0 relative=0x0000000000000520
Event: 169.524 Thread 0x000001647d66fb00 Uncommon trap: reason=unstable_if action=reinterpret pc=0x000001643162cba0 method=org.gradle.internal.logging.text.AbstractLineChoppingStyledTextOutput$2.execute(Lorg/gradle/internal/logging/text/AbstractLineChoppingStyledTextOutput$StateContext;)V @ 34 c
Event: 169.524 Thread 0x000001647d66fb00 DEOPT PACKING pc=0x000001643162cba0 sp=0x0000004c0d2fe7e0
Event: 169.524 Thread 0x000001647d66fb00 DEOPT UNPACKING pc=0x00000164310369a3 sp=0x0000004c0d2fe668 mode 2

Classes unloaded (0 events):
No events

Classes redefined (0 events):
No events

Internal exceptions (20 events):
Event: 1.958 Thread 0x0000016421fc2640 Exception <a 'java/lang/NoSuchMethodError'{0x00000000ffd5af00}: 'java.lang.Object java.lang.invoke.DirectMethodHandle$Holder.invokeVirtual(java.lang.Object, java.lang.Object, java.lang.Object, java.lang.Object, java.lang.Object, java.lang.Object, java.lang.Object)'> (0x00000000ffd5af00) 
thrown [s\src\hotspot\share\interpreter\linkResolver.cpp, line 759]
Event: 1.960 Thread 0x0000016421fc2640 Exception <a 'java/lang/NoSuchMethodError'{0x00000000ffd6c4c0}: 'java.lang.Object java.lang.invoke.Invokers$Holder.invoker(java.lang.Object, java.lang.Object, java.lang.Object)'> (0x00000000ffd6c4c0) 
thrown [s\src\hotspot\share\interpreter\linkResolver.cpp, line 759]
Event: 1.961 Thread 0x0000016421fc2640 Exception <a 'java/lang/NoSuchMethodError'{0x00000000ffd758e0}: 'java.lang.Object java.lang.invoke.DirectMethodHandle$Holder.invokeStatic(java.lang.Object, java.lang.Object, int)'> (0x00000000ffd758e0) 
thrown [s\src\hotspot\share\interpreter\linkResolver.cpp, line 759]
Event: 1.963 Thread 0x0000016421fc2640 Exception <a 'java/lang/NoSuchMethodError'{0x00000000ffd815d0}: 'void java.lang.invoke.DelegatingMethodHandle$Holder.delegate(java.lang.Object, java.lang.Object, int, java.lang.Object)'> (0x00000000ffd815d0) 
thrown [s\src\hotspot\share\interpreter\linkResolver.cpp, line 759]
Event: 1.963 Thread 0x0000016421fc2640 Exception <a 'java/lang/NoSuchMethodError'{0x00000000ffd85798}: 'int java.lang.invoke.DirectMethodHandle$Holder.invokeSpecial(java.lang.Object, java.lang.Object, java.lang.Object)'> (0x00000000ffd85798) 
thrown [s\src\hotspot\share\interpreter\linkResolver.cpp, line 759]
Event: 1.967 Thread 0x0000016421fc2640 Exception <a 'java/lang/NoSuchMethodError'{0x00000000ffd988e0}: 'java.lang.Object java.lang.invoke.Invokers$Holder.invokeExact_MT(java.lang.Object, java.lang.Object, java.lang.Object, java.lang.Object)'> (0x00000000ffd988e0) 
thrown [s\src\hotspot\share\interpreter\linkResolver.cpp, line 759]
Event: 2.158 Thread 0x0000016421fc2640 Exception <a 'java/lang/NoSuchMethodError'{0x00000000ff709770}: 'void java.lang.invoke.DirectMethodHandle$Holder.invokeSpecial(java.lang.Object, java.lang.Object, java.lang.Object)'> (0x00000000ff709770) 
thrown [s\src\hotspot\share\interpreter\linkResolver.cpp, line 759]
Event: 2.172 Thread 0x0000016421fc2640 Implicit null exception at 0x00000164315dfd0c to 0x00000164315e0250
Event: 2.172 Thread 0x0000016421fc2640 Implicit null exception at 0x00000164315c048c to 0x00000164315c09e4
Event: 2.238 Thread 0x0000016421fc2640 Exception <a 'java/lang/NoSuchMethodError'{0x00000000ff65a1c8}: 'java.lang.Object java.lang.invoke.DirectMethodHandle$Holder.invokeStaticInit(java.lang.Object)'> (0x00000000ff65a1c8) 
thrown [s\src\hotspot\share\interpreter\linkResolver.cpp, line 759]
Event: 2.404 Thread 0x0000016421fc2640 Exception <a 'java/lang/NoSuchMethodError'{0x00000000ff215758}: 'java.lang.Object java.lang.invoke.DirectMethodHandle$Holder.invokeStaticInit(java.lang.Object, int, int, int, int)'> (0x00000000ff215758) 
thrown [s\src\hotspot\share\interpreter\linkResolver.cpp, line 759]
Event: 2.524 Thread 0x0000016421fc2640 Exception <a 'java/lang/NoSuchMethodError'{0x00000000ff2f1ba8}: 'java.lang.Object java.lang.invoke.DirectMethodHandle$Holder.invokeStaticInit(java.lang.Object, java.lang.Object, int, int, int, int)'> (0x00000000ff2f1ba8) 
thrown [s\src\hotspot\share\interpreter\linkResolver.cpp, line 759]
Event: 2.777 Thread 0x0000016421fc2640 Exception <a 'java/lang/NoSuchMethodError'{0x00000000ff120088}: 'void java.lang.invoke.DirectMethodHandle$Holder.invokeStatic(java.lang.Object, java.lang.Object, java.lang.Object)'> (0x00000000ff120088) 
thrown [s\src\hotspot\share\interpreter\linkResolver.cpp, line 759]
Event: 2.810 Thread 0x0000016421fc2640 Implicit null exception at 0x00000164315b73f2 to 0x00000164315b79c0
Event: 2.810 Thread 0x0000016421fc2640 Implicit null exception at 0x00000164315c7472 to 0x00000164315c7a50
Event: 3.146 Thread 0x000001647db4be50 Exception <a 'java/lang/NoSuchMethodError'{0x00000000fff80588}: 'void java.lang.invoke.DirectMethodHandle$Holder.invokeStatic(java.lang.Object, long)'> (0x00000000fff80588) 
thrown [s\src\hotspot\share\interpreter\linkResolver.cpp, line 759]
Event: 3.147 Thread 0x000001647db4be50 Exception <a 'java/lang/NoSuchMethodError'{0x00000000fff85ee0}: 'java.lang.Object java.lang.invoke.DirectMethodHandle$Holder.newInvokeSpecial(java.lang.Object, long)'> (0x00000000fff85ee0) 
thrown [s\src\hotspot\share\interpreter\linkResolver.cpp, line 759]
Event: 3.151 Thread 0x000001647db4be50 Exception <a 'java/lang/NoSuchMethodError'{0x00000000fff90b08}: 'java.lang.Object java.lang.invoke.DirectMethodHandle$Holder.invokeStaticInit(java.lang.Object, java.lang.Object, long, java.lang.Object)'> (0x00000000fff90b08) 
thrown [s\src\hotspot\share\interpreter\linkResolver.cpp, line 759]
Event: 3.151 Thread 0x000001647db4be50 Exception <a 'java/lang/NoSuchMethodError'{0x00000000fff97190}: 'java.lang.Object java.lang.invoke.DirectMethodHandle$Holder.newInvokeSpecial(java.lang.Object, java.lang.Object, long)'> (0x00000000fff97190) 
thrown [s\src\hotspot\share\interpreter\linkResolver.cpp, line 759]
Event: 3.153 Thread 0x000001647db4be50 Exception <a 'java/lang/NoSuchMethodError'{0x00000000fff9b480}: 'java.lang.Object java.lang.invoke.Invokers$Holder.linkToTargetMethod(java.lang.Object, long, java.lang.Object)'> (0x00000000fff9b480) 
thrown [s\src\hotspot\share\interpreter\linkResolver.cpp, line 759]

VM Operations (20 events):
Event: 152.958 Executing VM operation: Cleanup
Event: 152.958 Executing VM operation: Cleanup done
Event: 154.973 Executing VM operation: Cleanup
Event: 154.973 Executing VM operation: Cleanup done
Event: 155.981 Executing VM operation: Cleanup
Event: 155.981 Executing VM operation: Cleanup done
Event: 157.995 Executing VM operation: Cleanup
Event: 157.995 Executing VM operation: Cleanup done
Event: 160.007 Executing VM operation: Cleanup
Event: 160.007 Executing VM operation: Cleanup done
Event: 164.053 Executing VM operation: Cleanup
Event: 164.054 Executing VM operation: Cleanup done
Event: 165.067 Executing VM operation: Cleanup
Event: 165.067 Executing VM operation: Cleanup done
Event: 166.080 Executing VM operation: Cleanup
Event: 166.080 Executing VM operation: Cleanup done
Event: 167.095 Executing VM operation: Cleanup
Event: 167.095 Executing VM operation: Cleanup done
Event: 169.115 Executing VM operation: Cleanup
Event: 169.131 Executing VM operation: Cleanup done

Events (20 events):
Event: 169.264 loading class jdk/internal/logger/LazyLoggers$1
Event: 169.264 loading class jdk/internal/logger/LazyLoggers$1 done
Event: 169.264 loading class jdk/internal/logger/LazyLoggers$LazyLoggerFactories
Event: 169.264 loading class jdk/internal/logger/LazyLoggers$LazyLoggerFactories done
Event: 169.327 loading class jdk/internal/logger/LoggerFinderLoader
Event: 169.328 loading class jdk/internal/logger/LoggerFinderLoader done
Event: 169.426 loading class sun/util/logging/internal/LoggingProviderImpl$JULWrapper
Event: 169.438 loading class sun/util/logging/PlatformLogger$ConfigurableBridge$LoggerConfiguration
Event: 169.443 loading class sun/util/logging/PlatformLogger$ConfigurableBridge$LoggerConfiguration done
Event: 169.444 loading class sun/util/logging/internal/LoggingProviderImpl$JULWrapper done
Event: 169.445 loading class java/io/ObjectInputFilter
Event: 169.447 loading class java/io/ObjectInputFilter done
Event: 169.465 loading class java/io/ObjectInputFilter$Config$BuiltinFilterFactory
Event: 169.468 loading class java/io/ObjectInputFilter$Config$BuiltinFilterFactory done
Event: 169.468 loading class jdk/internal/access/JavaObjectInputFilterAccess
Event: 169.468 loading class jdk/internal/access/JavaObjectInputFilterAccess done
Event: 169.478 loading class java/lang/System$Logger$Level
Event: 169.479 loading class java/lang/System$Logger$Level done
Event: 169.482 loading class java/io/Bits
Event: 169.484 loading class java/io/Bits done


Dynamic libraries:
0x00007ff726bc0000 - 0x00007ff726bce000 	C:\Program Files\Microsoft\jdk-17.0.8.7-hotspot\bin\java.exe
0x00007ff8a5fb0000 - 0x00007ff8a61c7000 	C:\WINDOWS\SYSTEM32\ntdll.dll
0x00007ff8a5010000 - 0x00007ff8a50d4000 	C:\WINDOWS\System32\KERNEL32.DLL
0x00007ff8a3480000 - 0x00007ff8a382d000 	C:\WINDOWS\System32\KERNELBASE.dll
0x00007ff8a32e0000 - 0x00007ff8a33f1000 	C:\WINDOWS\System32\ucrtbase.dll
0x00007ff87b9f0000 - 0x00007ff87ba0b000 	C:\Program Files\Microsoft\jdk-17.0.8.7-hotspot\bin\VCRUNTIME140.dll
0x00007ff87b9d0000 - 0x00007ff87b9e7000 	C:\Program Files\Microsoft\jdk-17.0.8.7-hotspot\bin\jli.dll
0x00007ff8a3de0000 - 0x00007ff8a3f8e000 	C:\WINDOWS\System32\USER32.dll
0x00007ff8a3920000 - 0x00007ff8a3946000 	C:\WINDOWS\System32\win32u.dll
0x00007ff8a4d50000 - 0x00007ff8a4d79000 	C:\WINDOWS\System32\GDI32.dll
0x00007ff8a3bd0000 - 0x00007ff8a3ce9000 	C:\WINDOWS\System32\gdi32full.dll
0x00007ff8a39c0000 - 0x00007ff8a3a5a000 	C:\WINDOWS\System32\msvcp_win.dll
0x00007ff87ef30000 - 0x00007ff87f1c3000 	C:\WINDOWS\WinSxS\amd64_microsoft.windows.common-controls_6595b64144ccf1df_6.0.22621.3672_none_2713b9d173822955\COMCTL32.dll
0x00007ff8a5120000 - 0x00007ff8a51c7000 	C:\WINDOWS\System32\msvcrt.dll
0x00007ff8a50e0000 - 0x00007ff8a5111000 	C:\WINDOWS\System32\IMM32.DLL
0x00007ff887ca0000 - 0x00007ff887cac000 	C:\Program Files\Microsoft\jdk-17.0.8.7-hotspot\bin\vcruntime140_1.dll
0x00007ff855a70000 - 0x00007ff855afd000 	C:\Program Files\Microsoft\jdk-17.0.8.7-hotspot\bin\msvcp140.dll
0x00007ff854e00000 - 0x00007ff855a65000 	C:\Program Files\Microsoft\jdk-17.0.8.7-hotspot\bin\server\jvm.dll
0x00007ff8a5eb0000 - 0x00007ff8a5f62000 	C:\WINDOWS\System32\ADVAPI32.dll
0x00007ff8a5660000 - 0x00007ff8a5709000 	C:\WINDOWS\System32\sechost.dll
0x00007ff8a38f0000 - 0x00007ff8a3918000 	C:\WINDOWS\System32\bcrypt.dll
0x00007ff8a5d90000 - 0x00007ff8a5ea4000 	C:\WINDOWS\System32\RPCRT4.dll
0x00007ff8a2ab0000 - 0x00007ff8a2afd000 	C:\WINDOWS\SYSTEM32\POWRPROF.dll
0x00007ff89b950000 - 0x00007ff89b95a000 	C:\WINDOWS\SYSTEM32\VERSION.dll
0x00007ff884170000 - 0x00007ff884179000 	C:\WINDOWS\SYSTEM32\WSOCK32.dll
0x00007ff8a4f30000 - 0x00007ff8a4fa1000 	C:\WINDOWS\System32\WS2_32.dll
0x00007ff89b910000 - 0x00007ff89b944000 	C:\WINDOWS\SYSTEM32\WINMM.dll
0x00007ff8a2a60000 - 0x00007ff8a2a73000 	C:\WINDOWS\SYSTEM32\UMPDC.dll
0x00007ff8a2310000 - 0x00007ff8a2328000 	C:\WINDOWS\SYSTEM32\kernel.appcore.dll
0x00007ff881500000 - 0x00007ff88150a000 	C:\Program Files\Microsoft\jdk-17.0.8.7-hotspot\bin\jimage.dll
0x00007ff898b40000 - 0x00007ff898d72000 	C:\WINDOWS\SYSTEM32\DBGHELP.DLL
0x00007ff8a5a00000 - 0x00007ff8a5d88000 	C:\WINDOWS\System32\combase.dll
0x00007ff8a5710000 - 0x00007ff8a57e7000 	C:\WINDOWS\System32\OLEAUT32.dll
0x00007ff882ad0000 - 0x00007ff882b02000 	C:\WINDOWS\SYSTEM32\dbgcore.DLL
0x00007ff8a3400000 - 0x00007ff8a347b000 	C:\WINDOWS\System32\bcryptPrimitives.dll
0x00007ff87aa60000 - 0x00007ff87aa85000 	C:\Program Files\Microsoft\jdk-17.0.8.7-hotspot\bin\java.dll
0x00007ff854d20000 - 0x00007ff854df7000 	C:\Program Files\Microsoft\jdk-17.0.8.7-hotspot\bin\jsvml.dll
0x00007ff8a3f90000 - 0x00007ff8a47ef000 	C:\WINDOWS\System32\SHELL32.dll
0x00007ff8a11c0000 - 0x00007ff8a1abc000 	C:\WINDOWS\SYSTEM32\windows.storage.dll
0x00007ff8a1080000 - 0x00007ff8a11bf000 	C:\WINDOWS\SYSTEM32\wintypes.dll
0x00007ff8a4870000 - 0x00007ff8a4964000 	C:\WINDOWS\System32\SHCORE.dll
0x00007ff8a4b30000 - 0x00007ff8a4b8e000 	C:\WINDOWS\System32\shlwapi.dll
0x00007ff8a3210000 - 0x00007ff8a3231000 	C:\WINDOWS\SYSTEM32\profapi.dll
0x00007ff873d00000 - 0x00007ff873d19000 	C:\Program Files\Microsoft\jdk-17.0.8.7-hotspot\bin\net.dll
0x00007ff89ce70000 - 0x00007ff89cfa6000 	C:\WINDOWS\SYSTEM32\WINHTTP.dll
0x00007ff8a27e0000 - 0x00007ff8a2849000 	C:\WINDOWS\system32\mswsock.dll
0x00007ff8729c0000 - 0x00007ff8729d6000 	C:\Program Files\Microsoft\jdk-17.0.8.7-hotspot\bin\nio.dll
0x00007ff872260000 - 0x00007ff872278000 	C:\Program Files\Microsoft\jdk-17.0.8.7-hotspot\bin\zip.dll
0x00007ff87b9c0000 - 0x00007ff87b9d0000 	C:\Program Files\Microsoft\jdk-17.0.8.7-hotspot\bin\verify.dll
0x00007ff86ae30000 - 0x00007ff86ae57000 	C:\Users\muham\.gradle\native\c067742578af261105cb4f569cf0c3c89f3d7b1fecec35dd04571415982c5e48\windows-amd64\native-platform.dll
0x00007ff87b990000 - 0x00007ff87b999000 	C:\Program Files\Microsoft\jdk-17.0.8.7-hotspot\bin\management.dll
0x00007ff87b830000 - 0x00007ff87b83b000 	C:\Program Files\Microsoft\jdk-17.0.8.7-hotspot\bin\management_ext.dll
0x00007ff8a5650000 - 0x00007ff8a5658000 	C:\WINDOWS\System32\PSAPI.DLL
0x00007ff8a2a80000 - 0x00007ff8a2a9b000 	C:\WINDOWS\SYSTEM32\CRYPTSP.dll
0x00007ff8a2270000 - 0x00007ff8a22a5000 	C:\WINDOWS\system32\rsaenh.dll
0x00007ff8a2900000 - 0x00007ff8a2928000 	C:\WINDOWS\SYSTEM32\USERENV.dll
0x00007ff8a2aa0000 - 0x00007ff8a2aac000 	C:\WINDOWS\SYSTEM32\CRYPTBASE.dll
0x00007ff8a1d20000 - 0x00007ff8a1d4d000 	C:\WINDOWS\SYSTEM32\IPHLPAPI.DLL
0x00007ff8a4d40000 - 0x00007ff8a4d49000 	C:\WINDOWS\System32\NSI.dll
0x00007ff89cb60000 - 0x00007ff89cb79000 	C:\WINDOWS\SYSTEM32\dhcpcsvc6.DLL
0x00007ff89cb40000 - 0x00007ff89cb5f000 	C:\WINDOWS\SYSTEM32\dhcpcsvc.DLL
0x00007ff8a1d90000 - 0x00007ff8a1e88000 	C:\WINDOWS\SYSTEM32\DNSAPI.dll
0x00007ff874e00000 - 0x00007ff874e0e000 	C:\Program Files\Microsoft\jdk-17.0.8.7-hotspot\bin\sunmscapi.dll
0x00007ff8a3a60000 - 0x00007ff8a3bc7000 	C:\WINDOWS\System32\CRYPT32.dll
0x00007ff8a2c90000 - 0x00007ff8a2cbe000 	C:\WINDOWS\SYSTEM32\ncrypt.dll
0x00007ff8a2c50000 - 0x00007ff8a2c87000 	C:\WINDOWS\SYSTEM32\NTASN1.dll
0x00007ff8692a0000 - 0x00007ff8692a8000 	C:\WINDOWS\system32\wshunix.dll

dbghelp: loaded successfully - version: 4.0.5 - missing functions: none
symbol engine: initialized successfully - sym options: 0x614 - pdb path: .;C:\Program Files\Microsoft\jdk-17.0.8.7-hotspot\bin;C:\WINDOWS\SYSTEM32;C:\WINDOWS\WinSxS\amd64_microsoft.windows.common-controls_6595b64144ccf1df_6.0.22621.3672_none_2713b9d173822955;C:\Program Files\Microsoft\jdk-17.0.8.7-hotspot\bin\server;C:\Users\muham\.gradle\native\c067742578af261105cb4f569cf0c3c89f3d7b1fecec35dd04571415982c5e48\windows-amd64

VM Arguments:
jvm_args: -Xmx64m -Xms64m -Dorg.gradle.appname=gradlew 
java_command: org.gradle.wrapper.GradleWrapperMain app:installDebug -PreactNativeDevServerPort=8081
java_class_path (initial): D:\workspace\bnet-new-version\konekyu-apps-vr\android\\gradle\wrapper\gradle-wrapper.jar
Launcher Type: SUN_STANDARD

[Global flags]
     intx CICompilerCount                          = 3                                         {product} {ergonomic}
     uint ConcGCThreads                            = 2                                         {product} {ergonomic}
     uint G1ConcRefinementThreads                  = 6                                         {product} {ergonomic}
   size_t G1HeapRegionSize                         = 1048576                                   {product} {ergonomic}
    uintx GCDrainStackTargetSize                   = 64                                        {product} {ergonomic}
   size_t InitialHeapSize                          = 67108864                                  {product} {command line}
   size_t MarkStackSize                            = 4194304                                   {product} {ergonomic}
   size_t MaxHeapSize                              = 67108864                                  {product} {command line}
   size_t MaxNewSize                               = 39845888                                  {product} {ergonomic}
   size_t MinHeapDeltaBytes                        = 1048576                                   {product} {ergonomic}
   size_t MinHeapSize                              = 67108864                                  {product} {command line}
    uintx NonNMethodCodeHeapSize                   = 5832780                                {pd product} {ergonomic}
    uintx NonProfiledCodeHeapSize                  = 122912730                              {pd product} {ergonomic}
    uintx ProfiledCodeHeapSize                     = 122912730                              {pd product} {ergonomic}
    uintx ReservedCodeCacheSize                    = 251658240                              {pd product} {ergonomic}
     bool SegmentedCodeCache                       = true                                      {product} {ergonomic}
   size_t SoftMaxHeapSize                          = 67108864                               {manageable} {ergonomic}
     bool UseCompressedClassPointers               = true                           {product lp64_product} {ergonomic}
     bool UseCompressedOops                        = true                           {product lp64_product} {ergonomic}
     bool UseG1GC                                  = true                                      {product} {ergonomic}
     bool UseLargePagesIndividualAllocation        = false                                  {pd product} {ergonomic}

Logging:
Log output configuration:
 #0: stdout all=warning uptime,level,tags
 #1: stderr all=off uptime,level,tags

Environment Variables:
JAVA_HOME=C:\Program Files\Microsoft\jdk-17.0.8.7-hotspot
CLASSPATH=D:\workspace\bnet-new-version\konekyu-apps-vr\android\\gradle\wrapper\gradle-wrapper.jar
PATH=D:\workspace\bnet-new-version\konekyu-apps-vr\node_modules\.bin;D:\workspace\bnet-new-version\konekyu-apps-vr\node_modules\.bin;D:\workspace\bnet-new-version\node_modules\.bin;D:\workspace\node_modules\.bin;D:\node_modules\.bin;C:\Users\muham\AppData\Roaming\nvm\v20.13.1\node_modules\npm\node_modules\@npmcli\run-script\lib\node-gyp-bin;D:\workspace\bnet-new-version\konekyu-apps-vr\node_modules\.bin;D:\workspace\bnet-new-version\konekyu-apps-vr\node_modules\.bin;D:\workspace\bnet-new-version\node_modules\.bin;D:\workspace\node_modules\.bin;D:\node_modules\.bin;C:\Users\muham\AppData\Roaming\nvm\v20.13.1\node_modules\npm\node_modules\@npmcli\run-script\lib\node-gyp-bin;c:\Users\muham\AppData\Local\Programs\cursor\resources\app\bin;C:\Program Files\Microsoft\jdk-17.0.8.7-hotspot\bin;C:\WINDOWS\system32;C:\WINDOWS;C:\WINDOWS\System32\Wbem;C:\WINDOWS\System32\WindowsPowerShell\v1.0\;C:\WINDOWS\System32\OpenSSH\;C:\Program Files\Git\cmd;C:\ProgramData\chocolatey\bin;C:\Users\muham\AppData\Roaming\nvm;C:\Program Files\nodejs;C:\Program Files\Go\bin;D:\xampp\php;C:\Users\muham\fvm\default\bin;C:\Program Files\Git\bin;C:\Program Files\Git\cmd;C:\Windows\System32;C:\Users\muham\AppData\Local\Microsoft\WindowsApps;C:\Users\muham\AppData\Local\Android\Sdk\platform-tools;C:\Users\muham\AppData\Roaming\nvm;C:\Program Files\nodejs;C:\Program Files\Microsoft\jdk-17.0.8.7-hotspot\bin;C:\Users\muham\go\bin;C:\Users\muham\AppData\Local\Packages\PythonSoftwareFoundation.Python.3.11_qbz5n2kfra8p0\LocalCache\local-packages\Python311\Scripts;C:\protoc-25.2-win64\bin;C:\tools\dart-sdk\bin;C:\Users\muham\AppData\Local\Pub\Cache\bin;C:\Program Files\Git\bin;C:\Program Files\Git\cmd;C:\Windows\Syst;C:\Program Files\dotnet\;C:\Users\muham\AppData\Local\Android\Sdk\emulator;C:\Program Files\PuTTY\;C:\Users\muham\AppData\Local\Microsoft\WindowsApps;C:\Users\muham\AppData\Local\Programs\Microsoft VS Code\bin;C:\Users\muham\AppData\Local\Android\Sdk\platform-tools;C:\Users\muham\AppData\Roaming\
USERNAME=muham
OS=Windows_NT
PROCESSOR_IDENTIFIER=AMD64 Family 23 Model 96 Stepping 1, AuthenticAMD
TMP=C:\Users\muham\AppData\Local\Temp
TEMP=C:\Users\muham\AppData\Local\Temp



---------------  S Y S T E M  ---------------

OS:
 Windows 11 , 64 bit Build 22621 (10.0.22621.3672)
OS uptime: 1 days 21:30 hours
Hyper-V role detected

CPU: total 6 (initial active 6) (6 cores per cpu, 1 threads per core) family 23 model 96 stepping 1 microcode 0x0, cx8, cmov, fxsr, mmx, 3dnowpref, sse, sse2, sse3, ssse3, sse4a, sse4.1, sse4.2, popcnt, lzcnt, tsc, tscinvbit, avx, avx2, aes, clmul, bmi1, bmi2, adx, sha, fma, vzeroupper, clflush, clflushopt, hv
Processor Information for all 6 processors :
  Max Mhz: 2375, Current Mhz: 2375, Mhz Limit: 2375

Memory: 4k page, system-wide physical 7541M (545M free)
TotalPageFile size 31093M (AvailPageFile size 10M)
current process WorkingSet (physical memory assigned to process): 38M, peak: 96M
current process commit charge ("private bytes"): 166M, peak: 167M

vm_info: OpenJDK 64-Bit Server VM (17.0.8+7-LTS) for windows-amd64 JRE (17.0.8+7-LTS), built on Jul  7 2023 17:21:55 by "MicrosoftCorporation" with MS VC++ 16.10 / 16.11 (VS2019)

END.
