#
# There is insufficient memory for the Java Runtime Environment to continue.
# Native memory allocation (malloc) failed to allocate 247824 bytes for Chunk::new
# Possible reasons:
#   The system is out of physical RAM or swap space
#   The process is running with CompressedOops enabled, and the Java Heap may be blocking the growth of the native heap
# Possible solutions:
#   Reduce memory load on the system
#   Increase physical memory or swap space
#   Check if swap backing store is full
#   Decrease Java heap size (-Xmx/-Xms)
#   Decrease number of Java threads
#   Decrease Java thread stack sizes (-Xss)
#   Set larger code cache with -XX:ReservedCodeCacheSize=
#   JVM is running with Unscaled Compressed Oops mode in which the Java heap is
#     placed in the first 4GB address space. The Java Heap base address is the
#     maximum limit for the native heap growth. Please use -XX:HeapBaseMinAddress
#     to set the Java Heap base and to place the Java Heap above 4GB virtual address.
# This output file may be truncated or incomplete.
#
#  Out of Memory Error (arena.cpp:189), pid=21092, tid=9196
#
# JRE version: OpenJDK Runtime Environment Microsoft-8035246 (17.0.8+7) (build 17.0.8+7-LTS)
# Java VM: OpenJDK 64-Bit Server VM Microsoft-8035246 (17.0.8+7-LTS, mixed mode, sharing, tiered, compressed oops, compressed class ptrs, g1 gc, windows-amd64)
# No core dump will be written. Minidumps are not enabled by default on client versions of Windows
#

---------------  S U M M A R Y ------------

Command Line: -Xmx64m -Xms64m -Dorg.gradle.appname=gradlew org.gradle.wrapper.GradleWrapperMain app:installDebug -PreactNativeDevServerPort=8081

Host: AMD Ryzen 5 4500U with Radeon Graphics         , 6 cores, 7G,  Windows 11 , 64 bit Build 22621 (10.0.22621.3672)
Time: Sat Jul 20 11:20:44 2024 SE Asia Standard Time elapsed time: 68.336868 seconds (0d 0h 1m 8s)

---------------  T H R E A D  ---------------

Current thread (0x000002bb117c7980):  JavaThread "C2 CompilerThread0" daemon [_thread_in_native, id=9196, stack(0x000000cd03d00000,0x000000cd03e00000)]


Current CompileTask:
C2:  68336 1619 % !   4       java.io.BufferedReader::readLine @ 139 (327 bytes)

Stack: [0x000000cd03d00000,0x000000cd03e00000]
Native frames: (J=compiled Java code, j=interpreted, Vv=VM code, C=native code)
V  [jvm.dll+0x67bf3a]
V  [jvm.dll+0x83a024]
V  [jvm.dll+0x83b7ce]
V  [jvm.dll+0x83be33]
V  [jvm.dll+0x24785f]
V  [jvm.dll+0xac3bc]
V  [jvm.dll+0xac98c]
V  [jvm.dll+0x368107]
V  [jvm.dll+0x332451]
V  [jvm.dll+0x3318fa]
V  [jvm.dll+0x21a131]
V  [jvm.dll+0x219551]
V  [jvm.dll+0x1a56b6]
V  [jvm.dll+0x2291ea]
V  [jvm.dll+0x22724c]
V  [jvm.dll+0x7efd0c]
V  [jvm.dll+0x7ea13a]
V  [jvm.dll+0x67ad85]
C  [ucrtbase.dll+0x29333]
C  [KERNEL32.DLL+0x1257d]
C  [ntdll.dll+0x5af28]


---------------  P R O C E S S  ---------------

Threads class SMR info:
_java_thread_list=0x000002bb579af690, length=15, elements={
0x000002bb7810fec0, 0x000002bb781ad740, 0x000002bb781ae5c0, 0x000002bb117c2f40,
0x000002bb117c5910, 0x000002bb117c62d0, 0x000002bb117c6c90, 0x000002bb117c7980,
0x000002bb11833080, 0x000002bb1183da90, 0x000002bb119ff920, 0x000002bb11a06a80,
0x000002bb11aae400, 0x000002bb57903330, 0x000002bb579abe40
}

Java Threads: ( => current thread )
  0x000002bb7810fec0 JavaThread "main" [_thread_in_vm, id=17964, stack(0x000000cd03000000,0x000000cd03100000)]
  0x000002bb781ad740 JavaThread "Reference Handler" daemon [_thread_blocked, id=13484, stack(0x000000cd03700000,0x000000cd03800000)]
  0x000002bb781ae5c0 JavaThread "Finalizer" daemon [_thread_blocked, id=17560, stack(0x000000cd03800000,0x000000cd03900000)]
  0x000002bb117c2f40 JavaThread "Signal Dispatcher" daemon [_thread_blocked, id=7456, stack(0x000000cd03900000,0x000000cd03a00000)]
  0x000002bb117c5910 JavaThread "Attach Listener" daemon [_thread_blocked, id=10560, stack(0x000000cd03a00000,0x000000cd03b00000)]
  0x000002bb117c62d0 JavaThread "Service Thread" daemon [_thread_blocked, id=13744, stack(0x000000cd03b00000,0x000000cd03c00000)]
  0x000002bb117c6c90 JavaThread "Monitor Deflation Thread" daemon [_thread_blocked, id=12348, stack(0x000000cd03c00000,0x000000cd03d00000)]
=>0x000002bb117c7980 JavaThread "C2 CompilerThread0" daemon [_thread_in_native, id=9196, stack(0x000000cd03d00000,0x000000cd03e00000)]
  0x000002bb11833080 JavaThread "C1 CompilerThread0" daemon [_thread_blocked, id=16692, stack(0x000000cd03e00000,0x000000cd03f00000)]
  0x000002bb1183da90 JavaThread "Sweeper thread" daemon [_thread_blocked, id=14056, stack(0x000000cd03f00000,0x000000cd04000000)]
  0x000002bb119ff920 JavaThread "Notification Thread" daemon [_thread_blocked, id=16844, stack(0x000000cd04000000,0x000000cd04100000)]
  0x000002bb11a06a80 JavaThread "Common-Cleaner" daemon [_thread_blocked, id=24224, stack(0x000000cd04200000,0x000000cd04300000)]
  0x000002bb11aae400 JavaThread "pool-1-thread-1" [_thread_blocked, id=5852, stack(0x000000cd04700000,0x000000cd04800000)]
  0x000002bb57903330 JavaThread "DisconnectableInputStream source reader" daemon [_thread_in_native, id=18352, stack(0x000000cd04a00000,0x000000cd04b00000)]
  0x000002bb579abe40 JavaThread "Forward input" [_thread_blocked, id=2952, stack(0x000000cd04b00000,0x000000cd04c00000)]

Other Threads:
  0x000002bb781a9b30 VMThread "VM Thread" [stack: 0x000000cd03600000,0x000000cd03700000] [id=14716]
  0x000002bb11a01e10 WatcherThread [stack: 0x000000cd04100000,0x000000cd04200000] [id=11444]
  0x000002bb781319f0 GCTaskThread "GC Thread#0" [stack: 0x000000cd03100000,0x000000cd03200000] [id=21376]
  0x000002bb57252220 GCTaskThread "GC Thread#1" [stack: 0x000000cd04300000,0x000000cd04400000] [id=11824]
  0x000002bb576d9bd0 GCTaskThread "GC Thread#2" [stack: 0x000000cd04400000,0x000000cd04500000] [id=20852]
  0x000002bb57679500 GCTaskThread "GC Thread#3" [stack: 0x000000cd04500000,0x000000cd04600000] [id=23732]
  0x000002bb576797c0 GCTaskThread "GC Thread#4" [stack: 0x000000cd04600000,0x000000cd04700000] [id=15208]
  0x000002bb78133140 ConcurrentGCThread "G1 Main Marker" [stack: 0x000000cd03200000,0x000000cd03300000] [id=6484]
  0x000002bb78133b50 ConcurrentGCThread "G1 Conc#0" [stack: 0x000000cd03300000,0x000000cd03400000] [id=17824]
  0x000002bb7818ac20 ConcurrentGCThread "G1 Refine#0" [stack: 0x000000cd03400000,0x000000cd03500000] [id=22116]
  0x000002bb7818b650 ConcurrentGCThread "G1 Service" [stack: 0x000000cd03500000,0x000000cd03600000] [id=24392]

Threads with active compile tasks:
C2 CompilerThread0    68353 1619 % !   4       java.io.BufferedReader::readLine @ 139 (327 bytes)

VM state: not at safepoint (normal execution)

VM Mutex/Monitor currently owned by a thread: None

Heap address: 0x00000000fc000000, size: 64 MB, Compressed Oops mode: 32-bit

CDS archive(s) mapped at: [0x000002bb12000000-0x000002bb12bd0000-0x000002bb12bd0000), size 12386304, SharedBaseAddress: 0x000002bb12000000, ArchiveRelocationMode: 1.
Compressed class space mapped at: 0x000002bb13000000-0x000002bb53000000, reserved size: 1073741824
Narrow klass base: 0x000002bb12000000, Narrow klass shift: 0, Narrow klass range: 0x100000000

GC Precious Log:
 CPUs: 6 total, 6 available
 Memory: 7541M
 Large Page Support: Disabled
 NUMA Support: Disabled
 Compressed Oops: Enabled (32-bit)
 Heap Region Size: 1M
 Heap Min Capacity: 64M
 Heap Initial Capacity: 64M
 Heap Max Capacity: 64M
 Pre-touch: Disabled
 Parallel Workers: 6
 Concurrent Workers: 2
 Concurrent Refinement Workers: 6
 Periodic GC: Disabled

Heap:
 garbage-first heap   total 65536K, used 29032K [0x00000000fc000000, 0x0000000100000000)
  region size 1024K, 22 young (22528K), 3 survivors (3072K)
 Metaspace       used 9033K, committed 9280K, reserved 1114112K
  class space    used 1186K, committed 1280K, reserved 1048576K

Heap Regions: E=young(eden), S=young(survivor), O=old, HS=humongous(starts), HC=humongous(continues), CS=collection set, F=free, OA=open archive, CA=closed archive, TAMS=top-at-mark-start (previous, next)
|   0|0x00000000fc000000, 0x00000000fc100000, 0x00000000fc100000|100%|HS|  |TAMS 0x00000000fc000000, 0x00000000fc000000| Complete 
|   1|0x00000000fc100000, 0x00000000fc200000, 0x00000000fc200000|100%|HC|  |TAMS 0x00000000fc100000, 0x00000000fc100000| Complete 
|   2|0x00000000fc200000, 0x00000000fc300000, 0x00000000fc300000|100%|HC|  |TAMS 0x00000000fc200000, 0x00000000fc200000| Complete 
|   3|0x00000000fc300000, 0x00000000fc400000, 0x00000000fc400000|100%|HC|  |TAMS 0x00000000fc300000, 0x00000000fc300000| Complete 
|   4|0x00000000fc400000, 0x00000000fc500000, 0x00000000fc500000|100%| O|  |TAMS 0x00000000fc400000, 0x00000000fc400000| Untracked 
|   5|0x00000000fc500000, 0x00000000fc600000, 0x00000000fc600000|100%| O|  |TAMS 0x00000000fc500000, 0x00000000fc500000| Untracked 
|   6|0x00000000fc600000, 0x00000000fc700000, 0x00000000fc700000|100%| O|  |TAMS 0x00000000fc600000, 0x00000000fc600000| Untracked 
|   7|0x00000000fc700000, 0x00000000fc75a000, 0x00000000fc800000| 35%| O|  |TAMS 0x00000000fc700000, 0x00000000fc700000| Untracked 
|   8|0x00000000fc800000, 0x00000000fc800000, 0x00000000fc900000|  0%| F|  |TAMS 0x00000000fc800000, 0x00000000fc800000| Untracked 
|   9|0x00000000fc900000, 0x00000000fc900000, 0x00000000fca00000|  0%| F|  |TAMS 0x00000000fc900000, 0x00000000fc900000| Untracked 
|  10|0x00000000fca00000, 0x00000000fca00000, 0x00000000fcb00000|  0%| F|  |TAMS 0x00000000fca00000, 0x00000000fca00000| Untracked 
|  11|0x00000000fcb00000, 0x00000000fcb00000, 0x00000000fcc00000|  0%| F|  |TAMS 0x00000000fcb00000, 0x00000000fcb00000| Untracked 
|  12|0x00000000fcc00000, 0x00000000fcc00000, 0x00000000fcd00000|  0%| F|  |TAMS 0x00000000fcc00000, 0x00000000fcc00000| Untracked 
|  13|0x00000000fcd00000, 0x00000000fcd00000, 0x00000000fce00000|  0%| F|  |TAMS 0x00000000fcd00000, 0x00000000fcd00000| Untracked 
|  14|0x00000000fce00000, 0x00000000fce00000, 0x00000000fcf00000|  0%| F|  |TAMS 0x00000000fce00000, 0x00000000fce00000| Untracked 
|  15|0x00000000fcf00000, 0x00000000fcf00000, 0x00000000fd000000|  0%| F|  |TAMS 0x00000000fcf00000, 0x00000000fcf00000| Untracked 
|  16|0x00000000fd000000, 0x00000000fd000000, 0x00000000fd100000|  0%| F|  |TAMS 0x00000000fd000000, 0x00000000fd000000| Untracked 
|  17|0x00000000fd100000, 0x00000000fd100000, 0x00000000fd200000|  0%| F|  |TAMS 0x00000000fd100000, 0x00000000fd100000| Untracked 
|  18|0x00000000fd200000, 0x00000000fd200000, 0x00000000fd300000|  0%| F|  |TAMS 0x00000000fd200000, 0x00000000fd200000| Untracked 
|  19|0x00000000fd300000, 0x00000000fd300000, 0x00000000fd400000|  0%| F|  |TAMS 0x00000000fd300000, 0x00000000fd300000| Untracked 
|  20|0x00000000fd400000, 0x00000000fd400000, 0x00000000fd500000|  0%| F|  |TAMS 0x00000000fd400000, 0x00000000fd400000| Untracked 
|  21|0x00000000fd500000, 0x00000000fd500000, 0x00000000fd600000|  0%| F|  |TAMS 0x00000000fd500000, 0x00000000fd500000| Untracked 
|  22|0x00000000fd600000, 0x00000000fd600000, 0x00000000fd700000|  0%| F|  |TAMS 0x00000000fd600000, 0x00000000fd600000| Untracked 
|  23|0x00000000fd700000, 0x00000000fd700000, 0x00000000fd800000|  0%| F|  |TAMS 0x00000000fd700000, 0x00000000fd700000| Untracked 
|  24|0x00000000fd800000, 0x00000000fd800000, 0x00000000fd900000|  0%| F|  |TAMS 0x00000000fd800000, 0x00000000fd800000| Untracked 
|  25|0x00000000fd900000, 0x00000000fd900000, 0x00000000fda00000|  0%| F|  |TAMS 0x00000000fd900000, 0x00000000fd900000| Untracked 
|  26|0x00000000fda00000, 0x00000000fda00000, 0x00000000fdb00000|  0%| F|  |TAMS 0x00000000fda00000, 0x00000000fda00000| Untracked 
|  27|0x00000000fdb00000, 0x00000000fdb00000, 0x00000000fdc00000|  0%| F|  |TAMS 0x00000000fdb00000, 0x00000000fdb00000| Untracked 
|  28|0x00000000fdc00000, 0x00000000fdc00000, 0x00000000fdd00000|  0%| F|  |TAMS 0x00000000fdc00000, 0x00000000fdc00000| Untracked 
|  29|0x00000000fdd00000, 0x00000000fdd00000, 0x00000000fde00000|  0%| F|  |TAMS 0x00000000fdd00000, 0x00000000fdd00000| Untracked 
|  30|0x00000000fde00000, 0x00000000fde00000, 0x00000000fdf00000|  0%| F|  |TAMS 0x00000000fde00000, 0x00000000fde00000| Untracked 
|  31|0x00000000fdf00000, 0x00000000fdf00000, 0x00000000fe000000|  0%| F|  |TAMS 0x00000000fdf00000, 0x00000000fdf00000| Untracked 
|  32|0x00000000fe000000, 0x00000000fe000000, 0x00000000fe100000|  0%| F|  |TAMS 0x00000000fe000000, 0x00000000fe000000| Untracked 
|  33|0x00000000fe100000, 0x00000000fe100000, 0x00000000fe200000|  0%| F|  |TAMS 0x00000000fe100000, 0x00000000fe100000| Untracked 
|  34|0x00000000fe200000, 0x00000000fe200000, 0x00000000fe300000|  0%| F|  |TAMS 0x00000000fe200000, 0x00000000fe200000| Untracked 
|  35|0x00000000fe300000, 0x00000000fe300000, 0x00000000fe400000|  0%| F|  |TAMS 0x00000000fe300000, 0x00000000fe300000| Untracked 
|  36|0x00000000fe400000, 0x00000000fe400000, 0x00000000fe500000|  0%| F|  |TAMS 0x00000000fe400000, 0x00000000fe400000| Untracked 
|  37|0x00000000fe500000, 0x00000000fe500000, 0x00000000fe600000|  0%| F|  |TAMS 0x00000000fe500000, 0x00000000fe500000| Untracked 
|  38|0x00000000fe600000, 0x00000000fe600000, 0x00000000fe700000|  0%| F|  |TAMS 0x00000000fe600000, 0x00000000fe600000| Untracked 
|  39|0x00000000fe700000, 0x00000000fe700000, 0x00000000fe800000|  0%| F|  |TAMS 0x00000000fe700000, 0x00000000fe700000| Untracked 
|  40|0x00000000fe800000, 0x00000000fe900000, 0x00000000fe900000|100%| S|CS|TAMS 0x00000000fe800000, 0x00000000fe800000| Complete 
|  41|0x00000000fe900000, 0x00000000fea00000, 0x00000000fea00000|100%| S|CS|TAMS 0x00000000fe900000, 0x00000000fe900000| Complete 
|  42|0x00000000fea00000, 0x00000000feb00000, 0x00000000feb00000|100%| S|CS|TAMS 0x00000000fea00000, 0x00000000fea00000| Complete 
|  43|0x00000000feb00000, 0x00000000feb00000, 0x00000000fec00000|  0%| F|  |TAMS 0x00000000feb00000, 0x00000000feb00000| Untracked 
|  44|0x00000000fec00000, 0x00000000fec00000, 0x00000000fed00000|  0%| F|  |TAMS 0x00000000fec00000, 0x00000000fec00000| Untracked 
|  45|0x00000000fed00000, 0x00000000fee00000, 0x00000000fee00000|100%| E|  |TAMS 0x00000000fed00000, 0x00000000fed00000| Complete 
|  46|0x00000000fee00000, 0x00000000fef00000, 0x00000000fef00000|100%| E|CS|TAMS 0x00000000fee00000, 0x00000000fee00000| Complete 
|  47|0x00000000fef00000, 0x00000000ff000000, 0x00000000ff000000|100%| E|CS|TAMS 0x00000000fef00000, 0x00000000fef00000| Complete 
|  48|0x00000000ff000000, 0x00000000ff100000, 0x00000000ff100000|100%| E|CS|TAMS 0x00000000ff000000, 0x00000000ff000000| Complete 
|  49|0x00000000ff100000, 0x00000000ff200000, 0x00000000ff200000|100%| E|CS|TAMS 0x00000000ff100000, 0x00000000ff100000| Complete 
|  50|0x00000000ff200000, 0x00000000ff300000, 0x00000000ff300000|100%| E|CS|TAMS 0x00000000ff200000, 0x00000000ff200000| Complete 
|  51|0x00000000ff300000, 0x00000000ff400000, 0x00000000ff400000|100%| E|CS|TAMS 0x00000000ff300000, 0x00000000ff300000| Complete 
|  52|0x00000000ff400000, 0x00000000ff500000, 0x00000000ff500000|100%| E|CS|TAMS 0x00000000ff400000, 0x00000000ff400000| Complete 
|  53|0x00000000ff500000, 0x00000000ff600000, 0x00000000ff600000|100%| E|CS|TAMS 0x00000000ff500000, 0x00000000ff500000| Complete 
|  54|0x00000000ff600000, 0x00000000ff700000, 0x00000000ff700000|100%| E|CS|TAMS 0x00000000ff600000, 0x00000000ff600000| Complete 
|  55|0x00000000ff700000, 0x00000000ff800000, 0x00000000ff800000|100%| E|CS|TAMS 0x00000000ff700000, 0x00000000ff700000| Complete 
|  56|0x00000000ff800000, 0x00000000ff900000, 0x00000000ff900000|100%| E|CS|TAMS 0x00000000ff800000, 0x00000000ff800000| Complete 
|  57|0x00000000ff900000, 0x00000000ffa00000, 0x00000000ffa00000|100%| E|CS|TAMS 0x00000000ff900000, 0x00000000ff900000| Complete 
|  58|0x00000000ffa00000, 0x00000000ffb00000, 0x00000000ffb00000|100%| E|CS|TAMS 0x00000000ffa00000, 0x00000000ffa00000| Complete 
|  59|0x00000000ffb00000, 0x00000000ffc00000, 0x00000000ffc00000|100%| E|CS|TAMS 0x00000000ffb00000, 0x00000000ffb00000| Complete 
|  60|0x00000000ffc00000, 0x00000000ffd00000, 0x00000000ffd00000|100%| E|CS|TAMS 0x00000000ffc00000, 0x00000000ffc00000| Complete 
|  61|0x00000000ffd00000, 0x00000000ffe00000, 0x00000000ffe00000|100%| E|CS|TAMS 0x00000000ffd00000, 0x00000000ffd00000| Complete 
|  62|0x00000000ffe00000, 0x00000000fff00000, 0x00000000fff00000|100%| E|CS|TAMS 0x00000000ffe00000, 0x00000000ffe00000| Complete 
|  63|0x00000000fff00000, 0x0000000100000000, 0x0000000100000000|100%| E|CS|TAMS 0x00000000fff00000, 0x00000000fff00000| Complete 

Card table byte_map: [0x000002bb78040000,0x000002bb78060000] _byte_map_base: 0x000002bb77860000

Marking Bits (Prev, Next): (CMBitMap*) 0x000002bb78132010, (CMBitMap*) 0x000002bb78132050
 Prev Bits: [0x000002bb7fd10000, 0x000002bb7fe10000)
 Next Bits: [0x000002bb7fe10000, 0x000002bb7ff10000)

Polling page: 0x000002bb778c0000

Metaspace:

Usage:
  Non-class:      7.66 MB used.
      Class:      1.16 MB used.
       Both:      8.82 MB used.

Virtual space:
  Non-class space:       64.00 MB reserved,       7.81 MB ( 12%) committed,  1 nodes.
      Class space:        1.00 GB reserved,       1.25 MB ( <1%) committed,  1 nodes.
             Both:        1.06 GB reserved,       9.06 MB ( <1%) committed. 

Chunk freelists:
   Non-Class:  8.03 MB
       Class:  14.64 MB
        Both:  22.67 MB

MaxMetaspaceSize: unlimited
CompressedClassSpaceSize: 1.00 GB
Initial GC threshold: 21.00 MB
Current GC threshold: 21.00 MB
CDS: on
MetaspaceReclaimPolicy: balanced
 - commit_granule_bytes: 65536.
 - commit_granule_words: 8192.
 - virtual_space_node_default_size: 8388608.
 - enlarge_chunks_in_place: 1.
 - new_chunks_are_fully_committed: 0.
 - uncommit_free_chunks: 1.
 - use_allocation_guard: 0.
 - handle_deallocations: 1.


Internal statistics:

num_allocs_failed_limit: 0.
num_arena_births: 80.
num_arena_deaths: 0.
num_vsnodes_births: 2.
num_vsnodes_deaths: 0.
num_space_committed: 145.
num_space_uncommitted: 0.
num_chunks_returned_to_freelist: 0.
num_chunks_taken_from_freelist: 315.
num_chunk_merges: 0.
num_chunk_splits: 213.
num_chunks_enlarged: 177.
num_inconsistent_stats: 0.

CodeHeap 'non-profiled nmethods': size=120000Kb used=615Kb max_used=615Kb free=119384Kb
 bounds [0x000002bb07ad0000, 0x000002bb07d40000, 0x000002bb0f000000]
CodeHeap 'profiled nmethods': size=120000Kb used=3099Kb max_used=3099Kb free=116900Kb
 bounds [0x000002bb00000000, 0x000002bb00310000, 0x000002bb07530000]
CodeHeap 'non-nmethods': size=5760Kb used=1164Kb max_used=1180Kb free=4595Kb
 bounds [0x000002bb07530000, 0x000002bb077a0000, 0x000002bb07ad0000]
 total_blobs=2093 nmethods=1632 adapters=374
 compilation: enabled
              stopped_count=0, restarted_count=0
 full_count=0

Compilation events (20 events):
Event: 66.345 Thread 0x000002bb11833080 nmethod 1615 0x000002bb002ffd90 code [0x000002bb002fff20, 0x000002bb00300038]
Event: 67.343 Thread 0x000002bb117c7980 1616       4       java.io.OutputStream::flush (1 bytes)
Event: 67.343 Thread 0x000002bb11833080 1617       3       org.gradle.internal.logging.text.AbstractLineChoppingStyledTextOutput$SeenFromEol::add (18 bytes)
Event: 67.343 Thread 0x000002bb117c7980 nmethod 1616 0x000002bb07b69290 code [0x000002bb07b69400, 0x000002bb07b69478]
Event: 67.343 Thread 0x000002bb11833080 nmethod 1617 0x000002bb00300110 code [0x000002bb003002a0, 0x000002bb003003d8]
Event: 68.318 Thread 0x000002bb11833080 1618       1       java.util.LinkedList::size (5 bytes)
Event: 68.318 Thread 0x000002bb11833080 nmethod 1618 0x000002bb07b69590 code [0x000002bb07b69720, 0x000002bb07b697f8]
Event: 68.319 Thread 0x000002bb117c7980 1619 % !   4       java.io.BufferedReader::readLine @ 139 (327 bytes)
Event: 68.319 Thread 0x000002bb11833080 1620       3       java.util.LinkedList::checkPositionIndex (22 bytes)
Event: 68.320 Thread 0x000002bb11833080 nmethod 1620 0x000002bb00300490 code [0x000002bb003006e0, 0x000002bb00300e48]
Event: 68.320 Thread 0x000002bb11833080 1621       3       java.util.LinkedList::isPositionIndex (18 bytes)
Event: 68.320 Thread 0x000002bb11833080 nmethod 1621 0x000002bb00301190 code [0x000002bb00301320, 0x000002bb003014b8]
Event: 68.320 Thread 0x000002bb11833080 1622       3       java.util.LinkedList::node (65 bytes)
Event: 68.321 Thread 0x000002bb11833080 nmethod 1622 0x000002bb00301590 code [0x000002bb00301740, 0x000002bb00301a18]
Event: 68.321 Thread 0x000002bb11833080 1623       3       org.gradle.util.internal.LimitedDescription::append (33 bytes)
Event: 68.322 Thread 0x000002bb11833080 nmethod 1623 0x000002bb00301b90 code [0x000002bb00301de0, 0x000002bb00302568]
Event: 68.322 Thread 0x000002bb11833080 1624       3       java.util.LinkedList::add (32 bytes)
Event: 68.322 Thread 0x000002bb11833080 nmethod 1624 0x000002bb00302890 code [0x000002bb00302aa0, 0x000002bb00302fa8]
Event: 68.322 Thread 0x000002bb11833080 1625       3       java.util.LinkedList::linkBefore (63 bytes)
Event: 68.323 Thread 0x000002bb11833080 nmethod 1625 0x000002bb00303190 code [0x000002bb00303360, 0x000002bb00303818]

GC Heap History (2 events):
Event: 1.104 GC heap before
{Heap before GC invocations=0 (full 0):
 garbage-first heap   total 65536K, used 24576K [0x00000000fc000000, 0x0000000100000000)
  region size 1024K, 21 young (21504K), 0 survivors (0K)
 Metaspace       used 3217K, committed 3392K, reserved 1114112K
  class space    used 371K, committed 448K, reserved 1048576K
}
Event: 1.113 GC heap after
{Heap after GC invocations=1 (full 0):
 garbage-first heap   total 65536K, used 10600K [0x00000000fc000000, 0x0000000100000000)
  region size 1024K, 3 young (3072K), 3 survivors (3072K)
 Metaspace       used 3217K, committed 3392K, reserved 1114112K
  class space    used 371K, committed 448K, reserved 1048576K
}

Dll operation events (11 events):
Event: 0.009 Loaded shared library C:\Program Files\Microsoft\jdk-17.0.8.7-hotspot\bin\java.dll
Event: 0.050 Loaded shared library C:\Program Files\Microsoft\jdk-17.0.8.7-hotspot\bin\jsvml.dll
Event: 0.116 Loaded shared library C:\Program Files\Microsoft\jdk-17.0.8.7-hotspot\bin\net.dll
Event: 0.118 Loaded shared library C:\Program Files\Microsoft\jdk-17.0.8.7-hotspot\bin\nio.dll
Event: 0.123 Loaded shared library C:\Program Files\Microsoft\jdk-17.0.8.7-hotspot\bin\zip.dll
Event: 0.582 Loaded shared library C:\Program Files\Microsoft\jdk-17.0.8.7-hotspot\bin\jimage.dll
Event: 0.714 Loaded shared library C:\Program Files\Microsoft\jdk-17.0.8.7-hotspot\bin\verify.dll
Event: 1.405 Loaded shared library C:\Users\muham\.gradle\native\c067742578af261105cb4f569cf0c3c89f3d7b1fecec35dd04571415982c5e48\windows-amd64\native-platform.dll
Event: 1.662 Loaded shared library C:\Program Files\Microsoft\jdk-17.0.8.7-hotspot\bin\management.dll
Event: 1.666 Loaded shared library C:\Program Files\Microsoft\jdk-17.0.8.7-hotspot\bin\management_ext.dll
Event: 2.251 Loaded shared library C:\Program Files\Microsoft\jdk-17.0.8.7-hotspot\bin\sunmscapi.dll

Deoptimization events (20 events):
Event: 40.908 Thread 0x000002bb7810fec0 Uncommon trap: trap_request=0xffffffc6 fr.pc=0x000002bb07b3b338 relative=0x0000000000000558
Event: 40.908 Thread 0x000002bb7810fec0 Uncommon trap: reason=bimorphic_or_optimized_type_check action=maybe_recompile pc=0x000002bb07b3b338 method=java.util.concurrent.ConcurrentHashMap.get(Ljava/lang/Object;)Ljava/lang/Object; @ 149 c2
Event: 40.911 Thread 0x000002bb7810fec0 DEOPT PACKING pc=0x000002bb07b3b338 sp=0x000000cd030fcc30
Event: 40.912 Thread 0x000002bb7810fec0 DEOPT UNPACKING pc=0x000002bb075869a3 sp=0x000000cd030fcbd0 mode 2
Event: 40.912 Thread 0x000002bb7810fec0 Uncommon trap: trap_request=0xffffffc6 fr.pc=0x000002bb07b3b338 relative=0x0000000000000558
Event: 40.912 Thread 0x000002bb7810fec0 Uncommon trap: reason=bimorphic_or_optimized_type_check action=maybe_recompile pc=0x000002bb07b3b338 method=java.util.concurrent.ConcurrentHashMap.get(Ljava/lang/Object;)Ljava/lang/Object; @ 149 c2
Event: 40.912 Thread 0x000002bb7810fec0 DEOPT PACKING pc=0x000002bb07b3b338 sp=0x000000cd030fcc30
Event: 40.912 Thread 0x000002bb7810fec0 DEOPT UNPACKING pc=0x000002bb075869a3 sp=0x000000cd030fcbd0 mode 2
Event: 40.912 Thread 0x000002bb7810fec0 Uncommon trap: trap_request=0xffffffc6 fr.pc=0x000002bb07b3b338 relative=0x0000000000000558
Event: 40.912 Thread 0x000002bb7810fec0 Uncommon trap: reason=bimorphic_or_optimized_type_check action=maybe_recompile pc=0x000002bb07b3b338 method=java.util.concurrent.ConcurrentHashMap.get(Ljava/lang/Object;)Ljava/lang/Object; @ 149 c2
Event: 40.912 Thread 0x000002bb7810fec0 DEOPT PACKING pc=0x000002bb07b3b338 sp=0x000000cd030fcc30
Event: 40.912 Thread 0x000002bb7810fec0 DEOPT UNPACKING pc=0x000002bb075869a3 sp=0x000000cd030fcbd0 mode 2
Event: 52.341 Thread 0x000002bb11aae400 Uncommon trap: trap_request=0xffffff45 fr.pc=0x000002bb07b63420 relative=0x0000000000000520
Event: 52.341 Thread 0x000002bb11aae400 Uncommon trap: reason=unstable_if action=reinterpret pc=0x000002bb07b63420 method=org.gradle.internal.logging.text.AbstractLineChoppingStyledTextOutput$2.execute(Lorg/gradle/internal/logging/text/AbstractLineChoppingStyledTextOutput$StateContext;)V @ 34 c
Event: 52.341 Thread 0x000002bb11aae400 DEOPT PACKING pc=0x000002bb07b63420 sp=0x000000cd047fed20
Event: 52.341 Thread 0x000002bb11aae400 DEOPT UNPACKING pc=0x000002bb075869a3 sp=0x000000cd047feba8 mode 2
Event: 68.301 Thread 0x000002bb7810fec0 Uncommon trap: trap_request=0xffffff45 fr.pc=0x000002bb07b6891c relative=0x000000000000059c
Event: 68.301 Thread 0x000002bb7810fec0 Uncommon trap: reason=unstable_if action=reinterpret pc=0x000002bb07b6891c method=com.esotericsoftware.kryo.io.Input.require(I)I @ 180 c2
Event: 68.301 Thread 0x000002bb7810fec0 DEOPT PACKING pc=0x000002bb07b6891c sp=0x000000cd030fcb40
Event: 68.301 Thread 0x000002bb7810fec0 DEOPT UNPACKING pc=0x000002bb075869a3 sp=0x000000cd030fc940 mode 2

Classes unloaded (0 events):
No events

Classes redefined (0 events):
No events

Internal exceptions (19 events):
Event: 0.304 Thread 0x000002bb7810fec0 Exception <a 'java/lang/NoSuchMethodError'{0x00000000ffc77e80}: 'int java.lang.invoke.DirectMethodHandle$Holder.invokeStaticInit(java.lang.Object, java.lang.Object)'> (0x00000000ffc77e80) 
thrown [s\src\hotspot\share\interpreter\linkResolver.cpp, line 759]
Event: 1.230 Thread 0x000002bb7810fec0 Exception <a 'java/lang/NoSuchMethodError'{0x00000000ffe2ca40}: 'void java.lang.invoke.DirectMethodHandle$Holder.invokeStatic(java.lang.Object, java.lang.Object)'> (0x00000000ffe2ca40) 
thrown [s\src\hotspot\share\interpreter\linkResolver.cpp, line 759]
Event: 1.334 Thread 0x000002bb7810fec0 Exception <a 'java/lang/NoClassDefFoundError'{0x00000000ffeb28c8}: org/slf4j/impl/StaticMarkerBinder> (0x00000000ffeb28c8) 
thrown [s\src\hotspot\share\classfile\systemDictionary.cpp, line 245]
Event: 1.374 Thread 0x000002bb7810fec0 Exception <a 'java/lang/NoSuchMethodError'{0x00000000ffd53a38}: 'java.lang.Object java.lang.invoke.DirectMethodHandle$Holder.invokeVirtual(java.lang.Object, java.lang.Object, java.lang.Object, java.lang.Object, java.lang.Object, java.lang.Object, java.lang.Object)'> (0x00000000ffd53a38) 
thrown [s\src\hotspot\share\interpreter\linkResolver.cpp, line 759]
Event: 1.377 Thread 0x000002bb7810fec0 Exception <a 'java/lang/NoSuchMethodError'{0x00000000ffd65598}: 'java.lang.Object java.lang.invoke.Invokers$Holder.invoker(java.lang.Object, java.lang.Object, java.lang.Object)'> (0x00000000ffd65598) 
thrown [s\src\hotspot\share\interpreter\linkResolver.cpp, line 759]
Event: 1.380 Thread 0x000002bb7810fec0 Exception <a 'java/lang/NoSuchMethodError'{0x00000000ffd6e9b8}: 'java.lang.Object java.lang.invoke.DirectMethodHandle$Holder.invokeStatic(java.lang.Object, java.lang.Object, int)'> (0x00000000ffd6e9b8) 
thrown [s\src\hotspot\share\interpreter\linkResolver.cpp, line 759]
Event: 1.382 Thread 0x000002bb7810fec0 Exception <a 'java/lang/NoSuchMethodError'{0x00000000ffd7a6a8}: 'void java.lang.invoke.DelegatingMethodHandle$Holder.delegate(java.lang.Object, java.lang.Object, int, java.lang.Object)'> (0x00000000ffd7a6a8) 
thrown [s\src\hotspot\share\interpreter\linkResolver.cpp, line 759]
Event: 1.382 Thread 0x000002bb7810fec0 Exception <a 'java/lang/NoSuchMethodError'{0x00000000ffd7e870}: 'int java.lang.invoke.DirectMethodHandle$Holder.invokeSpecial(java.lang.Object, java.lang.Object, java.lang.Object)'> (0x00000000ffd7e870) 
thrown [s\src\hotspot\share\interpreter\linkResolver.cpp, line 759]
Event: 1.385 Thread 0x000002bb7810fec0 Exception <a 'java/lang/NoSuchMethodError'{0x00000000ffd919b8}: 'java.lang.Object java.lang.invoke.Invokers$Holder.invokeExact_MT(java.lang.Object, java.lang.Object, java.lang.Object, java.lang.Object)'> (0x00000000ffd919b8) 
thrown [s\src\hotspot\share\interpreter\linkResolver.cpp, line 759]
Event: 1.612 Thread 0x000002bb7810fec0 Exception <a 'java/lang/NoSuchMethodError'{0x00000000ff8eb8e0}: 'void java.lang.invoke.DirectMethodHandle$Holder.invokeSpecial(java.lang.Object, java.lang.Object, java.lang.Object)'> (0x00000000ff8eb8e0) 
thrown [s\src\hotspot\share\interpreter\linkResolver.cpp, line 759]
Event: 1.627 Thread 0x000002bb7810fec0 Implicit null exception at 0x000002bb07b2130c to 0x000002bb07b21850
Event: 1.627 Thread 0x000002bb7810fec0 Implicit null exception at 0x000002bb07b0ef8f to 0x000002bb07b0f4e4
Event: 1.659 Thread 0x000002bb7810fec0 Exception <a 'java/lang/NoSuchMethodError'{0x00000000ff63cd70}: 'java.lang.Object java.lang.invoke.DirectMethodHandle$Holder.invokeStaticInit(java.lang.Object)'> (0x00000000ff63cd70) 
thrown [s\src\hotspot\share\interpreter\linkResolver.cpp, line 759]
Event: 1.896 Thread 0x000002bb7810fec0 Exception <a 'java/lang/NoSuchMethodError'{0x00000000ff3f4510}: 'java.lang.Object java.lang.invoke.DirectMethodHandle$Holder.invokeStaticInit(java.lang.Object, int, int, int, int)'> (0x00000000ff3f4510) 
thrown [s\src\hotspot\share\interpreter\linkResolver.cpp, line 759]
Event: 1.997 Thread 0x000002bb7810fec0 Exception <a 'java/lang/NoSuchMethodError'{0x00000000ff2d1260}: 'java.lang.Object java.lang.invoke.DirectMethodHandle$Holder.invokeStaticInit(java.lang.Object, java.lang.Object, int, int, int, int)'> (0x00000000ff2d1260) 
thrown [s\src\hotspot\share\interpreter\linkResolver.cpp, line 759]
Event: 2.185 Thread 0x000002bb7810fec0 Exception <a 'java/lang/NoSuchMethodError'{0x00000000ff2ff3a8}: 'void java.lang.invoke.DirectMethodHandle$Holder.invokeStatic(java.lang.Object, java.lang.Object, java.lang.Object)'> (0x00000000ff2ff3a8) 
thrown [s\src\hotspot\share\interpreter\linkResolver.cpp, line 759]
Event: 2.208 Thread 0x000002bb7810fec0 Implicit null exception at 0x000002bb07b0cd72 to 0x000002bb07b0d340
Event: 2.208 Thread 0x000002bb7810fec0 Implicit null exception at 0x000002bb07b052f2 to 0x000002bb07b058d0
Event: 68.301 Thread 0x000002bb7810fec0 Exception <a 'sun/net/ConnectionResetException'{0x00000000fed73b40}: Connection reset> (0x00000000fed73b40) 
thrown [s\src\hotspot\share\prims\jni.cpp, line 535]

VM Operations (20 events):
Event: 46.430 Executing VM operation: Cleanup
Event: 46.430 Executing VM operation: Cleanup done
Event: 47.442 Executing VM operation: Cleanup
Event: 47.442 Executing VM operation: Cleanup done
Event: 48.450 Executing VM operation: Cleanup
Event: 48.450 Executing VM operation: Cleanup done
Event: 49.454 Executing VM operation: Cleanup
Event: 49.454 Executing VM operation: Cleanup done
Event: 52.468 Executing VM operation: Cleanup
Event: 52.468 Executing VM operation: Cleanup done
Event: 55.507 Executing VM operation: Cleanup
Event: 55.507 Executing VM operation: Cleanup done
Event: 60.098 Executing VM operation: HandshakeAllThreads
Event: 60.098 Executing VM operation: HandshakeAllThreads done
Event: 64.137 Executing VM operation: Cleanup
Event: 64.137 Executing VM operation: Cleanup done
Event: 66.159 Executing VM operation: Cleanup
Event: 66.159 Executing VM operation: Cleanup done
Event: 68.170 Executing VM operation: Cleanup
Event: 68.170 Executing VM operation: Cleanup done

Events (20 events):
Event: 52.222 loading class jdk/internal/logger/LazyLoggers$LazyLoggerFactories
Event: 52.223 loading class jdk/internal/logger/LazyLoggers$LazyLoggerFactories done
Event: 52.254 loading class jdk/internal/logger/LoggerFinderLoader
Event: 52.256 loading class jdk/internal/logger/LoggerFinderLoader done
Event: 52.287 loading class sun/util/logging/internal/LoggingProviderImpl$JULWrapper
Event: 52.289 loading class sun/util/logging/PlatformLogger$ConfigurableBridge$LoggerConfiguration
Event: 52.291 loading class sun/util/logging/PlatformLogger$ConfigurableBridge$LoggerConfiguration done
Event: 52.291 loading class sun/util/logging/internal/LoggingProviderImpl$JULWrapper done
Event: 52.296 loading class java/io/ObjectInputFilter
Event: 52.296 loading class java/io/ObjectInputFilter done
Event: 52.299 loading class java/io/ObjectInputFilter$Config$BuiltinFilterFactory
Event: 52.299 loading class java/io/ObjectInputFilter$Config$BuiltinFilterFactory done
Event: 52.299 loading class jdk/internal/access/JavaObjectInputFilterAccess
Event: 52.299 loading class jdk/internal/access/JavaObjectInputFilterAccess done
Event: 52.302 loading class java/lang/System$Logger$Level
Event: 52.303 loading class java/lang/System$Logger$Level done
Event: 52.304 loading class java/io/Bits
Event: 52.304 loading class java/io/Bits done
Event: 68.300 loading class sun/net/ConnectionResetException
Event: 68.301 loading class sun/net/ConnectionResetException done


Dynamic libraries:
0x00007ff726bc0000 - 0x00007ff726bce000 	C:\Program Files\Microsoft\jdk-17.0.8.7-hotspot\bin\java.exe
0x00007ff8a5fb0000 - 0x00007ff8a61c7000 	C:\WINDOWS\SYSTEM32\ntdll.dll
0x00007ff8a5010000 - 0x00007ff8a50d4000 	C:\WINDOWS\System32\KERNEL32.DLL
0x00007ff8a3480000 - 0x00007ff8a382d000 	C:\WINDOWS\System32\KERNELBASE.dll
0x00007ff8a32e0000 - 0x00007ff8a33f1000 	C:\WINDOWS\System32\ucrtbase.dll
0x00007ff87b9d0000 - 0x00007ff87b9e7000 	C:\Program Files\Microsoft\jdk-17.0.8.7-hotspot\bin\jli.dll
0x00007ff8a3de0000 - 0x00007ff8a3f8e000 	C:\WINDOWS\System32\USER32.dll
0x00007ff8a3920000 - 0x00007ff8a3946000 	C:\WINDOWS\System32\win32u.dll
0x00007ff8a4d50000 - 0x00007ff8a4d79000 	C:\WINDOWS\System32\GDI32.dll
0x00007ff8a3bd0000 - 0x00007ff8a3ce9000 	C:\WINDOWS\System32\gdi32full.dll
0x00007ff8a39c0000 - 0x00007ff8a3a5a000 	C:\WINDOWS\System32\msvcp_win.dll
0x00007ff87b9f0000 - 0x00007ff87ba0b000 	C:\Program Files\Microsoft\jdk-17.0.8.7-hotspot\bin\VCRUNTIME140.dll
0x00007ff87ef30000 - 0x00007ff87f1c3000 	C:\WINDOWS\WinSxS\amd64_microsoft.windows.common-controls_6595b64144ccf1df_6.0.22621.3672_none_2713b9d173822955\COMCTL32.dll
0x00007ff8a5120000 - 0x00007ff8a51c7000 	C:\WINDOWS\System32\msvcrt.dll
0x00007ff8a50e0000 - 0x00007ff8a5111000 	C:\WINDOWS\System32\IMM32.DLL
0x00007ff887ca0000 - 0x00007ff887cac000 	C:\Program Files\Microsoft\jdk-17.0.8.7-hotspot\bin\vcruntime140_1.dll
0x00007ff855a70000 - 0x00007ff855afd000 	C:\Program Files\Microsoft\jdk-17.0.8.7-hotspot\bin\msvcp140.dll
0x00007ff854e00000 - 0x00007ff855a65000 	C:\Program Files\Microsoft\jdk-17.0.8.7-hotspot\bin\server\jvm.dll
0x00007ff8a5eb0000 - 0x00007ff8a5f62000 	C:\WINDOWS\System32\ADVAPI32.dll
0x00007ff8a5660000 - 0x00007ff8a5709000 	C:\WINDOWS\System32\sechost.dll
0x00007ff8a38f0000 - 0x00007ff8a3918000 	C:\WINDOWS\System32\bcrypt.dll
0x00007ff8a5d90000 - 0x00007ff8a5ea4000 	C:\WINDOWS\System32\RPCRT4.dll
0x00007ff8a2ab0000 - 0x00007ff8a2afd000 	C:\WINDOWS\SYSTEM32\POWRPROF.dll
0x00007ff884170000 - 0x00007ff884179000 	C:\WINDOWS\SYSTEM32\WSOCK32.dll
0x00007ff8a4f30000 - 0x00007ff8a4fa1000 	C:\WINDOWS\System32\WS2_32.dll
0x00007ff89b910000 - 0x00007ff89b944000 	C:\WINDOWS\SYSTEM32\WINMM.dll
0x00007ff89b950000 - 0x00007ff89b95a000 	C:\WINDOWS\SYSTEM32\VERSION.dll
0x00007ff8a2a60000 - 0x00007ff8a2a73000 	C:\WINDOWS\SYSTEM32\UMPDC.dll
0x00007ff8a2310000 - 0x00007ff8a2328000 	C:\WINDOWS\SYSTEM32\kernel.appcore.dll
0x00007ff881500000 - 0x00007ff88150a000 	C:\Program Files\Microsoft\jdk-17.0.8.7-hotspot\bin\jimage.dll
0x00007ff898b40000 - 0x00007ff898d72000 	C:\WINDOWS\SYSTEM32\DBGHELP.DLL
0x00007ff8a5a00000 - 0x00007ff8a5d88000 	C:\WINDOWS\System32\combase.dll
0x00007ff8a5710000 - 0x00007ff8a57e7000 	C:\WINDOWS\System32\OLEAUT32.dll
0x00007ff882ad0000 - 0x00007ff882b02000 	C:\WINDOWS\SYSTEM32\dbgcore.DLL
0x00007ff8a3400000 - 0x00007ff8a347b000 	C:\WINDOWS\System32\bcryptPrimitives.dll
0x00007ff87aa60000 - 0x00007ff87aa85000 	C:\Program Files\Microsoft\jdk-17.0.8.7-hotspot\bin\java.dll
0x00007ff854d20000 - 0x00007ff854df7000 	C:\Program Files\Microsoft\jdk-17.0.8.7-hotspot\bin\jsvml.dll
0x00007ff8a3f90000 - 0x00007ff8a47ef000 	C:\WINDOWS\System32\SHELL32.dll
0x00007ff8a11c0000 - 0x00007ff8a1abc000 	C:\WINDOWS\SYSTEM32\windows.storage.dll
0x00007ff8a1080000 - 0x00007ff8a11bf000 	C:\WINDOWS\SYSTEM32\wintypes.dll
0x00007ff8a4870000 - 0x00007ff8a4964000 	C:\WINDOWS\System32\SHCORE.dll
0x00007ff8a4b30000 - 0x00007ff8a4b8e000 	C:\WINDOWS\System32\shlwapi.dll
0x00007ff8a3210000 - 0x00007ff8a3231000 	C:\WINDOWS\SYSTEM32\profapi.dll
0x00007ff873d00000 - 0x00007ff873d19000 	C:\Program Files\Microsoft\jdk-17.0.8.7-hotspot\bin\net.dll
0x00007ff89ce70000 - 0x00007ff89cfa6000 	C:\WINDOWS\SYSTEM32\WINHTTP.dll
0x00007ff8a27e0000 - 0x00007ff8a2849000 	C:\WINDOWS\system32\mswsock.dll
0x00007ff8729c0000 - 0x00007ff8729d6000 	C:\Program Files\Microsoft\jdk-17.0.8.7-hotspot\bin\nio.dll
0x00007ff872260000 - 0x00007ff872278000 	C:\Program Files\Microsoft\jdk-17.0.8.7-hotspot\bin\zip.dll
0x00007ff87b9c0000 - 0x00007ff87b9d0000 	C:\Program Files\Microsoft\jdk-17.0.8.7-hotspot\bin\verify.dll
0x00007ff86ae30000 - 0x00007ff86ae57000 	C:\Users\muham\.gradle\native\c067742578af261105cb4f569cf0c3c89f3d7b1fecec35dd04571415982c5e48\windows-amd64\native-platform.dll
0x00007ff87b990000 - 0x00007ff87b999000 	C:\Program Files\Microsoft\jdk-17.0.8.7-hotspot\bin\management.dll
0x00007ff87b830000 - 0x00007ff87b83b000 	C:\Program Files\Microsoft\jdk-17.0.8.7-hotspot\bin\management_ext.dll
0x00007ff8a5650000 - 0x00007ff8a5658000 	C:\WINDOWS\System32\PSAPI.DLL
0x00007ff8a2a80000 - 0x00007ff8a2a9b000 	C:\WINDOWS\SYSTEM32\CRYPTSP.dll
0x00007ff8a2270000 - 0x00007ff8a22a5000 	C:\WINDOWS\system32\rsaenh.dll
0x00007ff8a2900000 - 0x00007ff8a2928000 	C:\WINDOWS\SYSTEM32\USERENV.dll
0x00007ff8a2aa0000 - 0x00007ff8a2aac000 	C:\WINDOWS\SYSTEM32\CRYPTBASE.dll
0x00007ff8a1d20000 - 0x00007ff8a1d4d000 	C:\WINDOWS\SYSTEM32\IPHLPAPI.DLL
0x00007ff8a4d40000 - 0x00007ff8a4d49000 	C:\WINDOWS\System32\NSI.dll
0x00007ff89cb60000 - 0x00007ff89cb79000 	C:\WINDOWS\SYSTEM32\dhcpcsvc6.DLL
0x00007ff89cb40000 - 0x00007ff89cb5f000 	C:\WINDOWS\SYSTEM32\dhcpcsvc.DLL
0x00007ff8a1d90000 - 0x00007ff8a1e88000 	C:\WINDOWS\SYSTEM32\DNSAPI.dll
0x00007ff874e00000 - 0x00007ff874e0e000 	C:\Program Files\Microsoft\jdk-17.0.8.7-hotspot\bin\sunmscapi.dll
0x00007ff8a3a60000 - 0x00007ff8a3bc7000 	C:\WINDOWS\System32\CRYPT32.dll
0x00007ff8a2c90000 - 0x00007ff8a2cbe000 	C:\WINDOWS\SYSTEM32\ncrypt.dll
0x00007ff8a2c50000 - 0x00007ff8a2c87000 	C:\WINDOWS\SYSTEM32\NTASN1.dll
0x00007ff8692a0000 - 0x00007ff8692a8000 	C:\WINDOWS\system32\wshunix.dll

dbghelp: loaded successfully - version: 4.0.5 - missing functions: none
symbol engine: initialized successfully - sym options: 0x614 - pdb path: .;C:\Program Files\Microsoft\jdk-17.0.8.7-hotspot\bin;C:\WINDOWS\SYSTEM32;C:\WINDOWS\WinSxS\amd64_microsoft.windows.common-controls_6595b64144ccf1df_6.0.22621.3672_none_2713b9d173822955;C:\Program Files\Microsoft\jdk-17.0.8.7-hotspot\bin\server;C:\Users\muham\.gradle\native\c067742578af261105cb4f569cf0c3c89f3d7b1fecec35dd04571415982c5e48\windows-amd64

VM Arguments:
jvm_args: -Xmx64m -Xms64m -Dorg.gradle.appname=gradlew 
java_command: org.gradle.wrapper.GradleWrapperMain app:installDebug -PreactNativeDevServerPort=8081
java_class_path (initial): D:\workspace\bnet-new-version\konekyu-apps-vr\android\\gradle\wrapper\gradle-wrapper.jar
Launcher Type: SUN_STANDARD

[Global flags]
     intx CICompilerCount                          = 3                                         {product} {ergonomic}
     uint ConcGCThreads                            = 2                                         {product} {ergonomic}
     uint G1ConcRefinementThreads                  = 6                                         {product} {ergonomic}
   size_t G1HeapRegionSize                         = 1048576                                   {product} {ergonomic}
    uintx GCDrainStackTargetSize                   = 64                                        {product} {ergonomic}
   size_t InitialHeapSize                          = 67108864                                  {product} {command line}
   size_t MarkStackSize                            = 4194304                                   {product} {ergonomic}
   size_t MaxHeapSize                              = 67108864                                  {product} {command line}
   size_t MaxNewSize                               = 39845888                                  {product} {ergonomic}
   size_t MinHeapDeltaBytes                        = 1048576                                   {product} {ergonomic}
   size_t MinHeapSize                              = 67108864                                  {product} {command line}
    uintx NonNMethodCodeHeapSize                   = 5832780                                {pd product} {ergonomic}
    uintx NonProfiledCodeHeapSize                  = 122912730                              {pd product} {ergonomic}
    uintx ProfiledCodeHeapSize                     = 122912730                              {pd product} {ergonomic}
    uintx ReservedCodeCacheSize                    = 251658240                              {pd product} {ergonomic}
     bool SegmentedCodeCache                       = true                                      {product} {ergonomic}
   size_t SoftMaxHeapSize                          = 67108864                               {manageable} {ergonomic}
     bool UseCompressedClassPointers               = true                           {product lp64_product} {ergonomic}
     bool UseCompressedOops                        = true                           {product lp64_product} {ergonomic}
     bool UseG1GC                                  = true                                      {product} {ergonomic}
     bool UseLargePagesIndividualAllocation        = false                                  {pd product} {ergonomic}

Logging:
Log output configuration:
 #0: stdout all=warning uptime,level,tags
 #1: stderr all=off uptime,level,tags

Environment Variables:
JAVA_HOME=C:\Program Files\Microsoft\jdk-17.0.8.7-hotspot
CLASSPATH=D:\workspace\bnet-new-version\konekyu-apps-vr\android\\gradle\wrapper\gradle-wrapper.jar
PATH=D:\workspace\bnet-new-version\konekyu-apps-vr\node_modules\.bin;D:\workspace\bnet-new-version\konekyu-apps-vr\node_modules\.bin;D:\workspace\bnet-new-version\node_modules\.bin;D:\workspace\node_modules\.bin;D:\node_modules\.bin;C:\Users\muham\AppData\Roaming\nvm\v20.13.1\node_modules\npm\node_modules\@npmcli\run-script\lib\node-gyp-bin;D:\workspace\bnet-new-version\konekyu-apps-vr\node_modules\.bin;D:\workspace\bnet-new-version\konekyu-apps-vr\node_modules\.bin;D:\workspace\bnet-new-version\node_modules\.bin;D:\workspace\node_modules\.bin;D:\node_modules\.bin;C:\Users\muham\AppData\Roaming\nvm\v20.13.1\node_modules\npm\node_modules\@npmcli\run-script\lib\node-gyp-bin;c:\Users\muham\AppData\Local\Programs\cursor\resources\app\bin;C:\Program Files\Microsoft\jdk-17.0.8.7-hotspot\bin;C:\WINDOWS\system32;C:\WINDOWS;C:\WINDOWS\System32\Wbem;C:\WINDOWS\System32\WindowsPowerShell\v1.0\;C:\WINDOWS\System32\OpenSSH\;C:\Program Files\Git\cmd;C:\ProgramData\chocolatey\bin;C:\Users\muham\AppData\Roaming\nvm;C:\Program Files\nodejs;C:\Program Files\Go\bin;D:\xampp\php;C:\Users\muham\fvm\default\bin;C:\Program Files\Git\bin;C:\Program Files\Git\cmd;C:\Windows\System32;C:\Users\muham\AppData\Local\Microsoft\WindowsApps;C:\Users\muham\AppData\Local\Android\Sdk\platform-tools;C:\Users\muham\AppData\Roaming\nvm;C:\Program Files\nodejs;C:\Program Files\Microsoft\jdk-17.0.8.7-hotspot\bin;C:\Users\muham\go\bin;C:\Users\muham\AppData\Local\Packages\PythonSoftwareFoundation.Python.3.11_qbz5n2kfra8p0\LocalCache\local-packages\Python311\Scripts;C:\protoc-25.2-win64\bin;C:\tools\dart-sdk\bin;C:\Users\muham\AppData\Local\Pub\Cache\bin;C:\Program Files\Git\bin;C:\Program Files\Git\cmd;C:\Windows\Syst;C:\Program Files\dotnet\;C:\Users\muham\AppData\Local\Android\Sdk\emulator;C:\Program Files\PuTTY\;C:\Users\muham\AppData\Local\Microsoft\WindowsApps;C:\Users\muham\AppData\Local\Programs\Microsoft VS Code\bin;C:\Users\muham\AppData\Local\Android\Sdk\platform-tools;C:\Users\muham\AppData\Roaming\
USERNAME=muham
OS=Windows_NT
PROCESSOR_IDENTIFIER=AMD64 Family 23 Model 96 Stepping 1, AuthenticAMD
TMP=C:\Users\muham\AppData\Local\Temp
TEMP=C:\Users\muham\AppData\Local\Temp



---------------  S Y S T E M  ---------------

OS:
 Windows 11 , 64 bit Build 22621 (10.0.22621.3672)
OS uptime: 1 days 21:32 hours
Hyper-V role detected

CPU: total 6 (initial active 6) (6 cores per cpu, 1 threads per core) family 23 model 96 stepping 1 microcode 0x0, cx8, cmov, fxsr, mmx, 3dnowpref, sse, sse2, sse3, ssse3, sse4a, sse4.1, sse4.2, popcnt, lzcnt, tsc, tscinvbit, avx, avx2, aes, clmul, bmi1, bmi2, adx, sha, fma, vzeroupper, clflush, clflushopt, hv
Processor Information for all 6 processors :
  Max Mhz: 2375, Current Mhz: 2375, Mhz Limit: 2375

Memory: 4k page, system-wide physical 7541M (509M free)
TotalPageFile size 31093M (AvailPageFile size 0M)
current process WorkingSet (physical memory assigned to process): 33M, peak: 90M
current process commit charge ("private bytes"): 159M, peak: 161M

vm_info: OpenJDK 64-Bit Server VM (17.0.8+7-LTS) for windows-amd64 JRE (17.0.8+7-LTS), built on Jul  7 2023 17:21:55 by "MicrosoftCorporation" with MS VC++ 16.10 / 16.11 (VS2019)

END.
